#
# A fatal error has been detected by the Java Runtime Environment:
#
#  SIGSEGV (0xb) at pc=0x00007fac9cd3b8b9, pid=10061, tid=0x00007fac905e2700
#
# JRE version: OpenJDK Runtime Environment (8.0_111-b14) (build 1.8.0_111-8u111-b14-2ubuntu0.16.04.2-b14)
# Java VM: OpenJDK 64-Bit Server VM (25.111-b14 mixed mode linux-amd64 compressed oops)
# Problematic frame:
# J 3272 C1 com.google.common.collect.MapMakerInternalMap$Segment.put(Ljava/lang/Object;ILjava/lang/Object;Z)Ljava/lang/Object; (386 bytes) @ 0x00007fac9cd3b8b9 [0x00007fac9cd38c20+0x2c99]
#
# Failed to write core dump. Core dumps have been disabled. To enable core dumping, try "ulimit -c unlimited" before starting Java again
#
# If you would like to submit a bug report, please visit:
#   http://bugreport.java.com/bugreport/crash.jsp
#

---------------  T H R E A D  ---------------

Current thread (0x00007fac4c00e800):  JavaThread "Daemon worker" [_thread_in_Java, id=10083, stack(0x00007fac904e2000,0x00007fac905e3000)]

siginfo: si_signo: 11 (SIGSEGV), si_code: 128 (SI_KERNEL), si_addr: 0x0000000000000000

Registers:
RAX=0x0000000000000001, RBX=0x00007fac93ae5128, RCX=0x00000000a02fb1a8, RDX=0x0000000000000001
RSP=0x00007fac905df460, RBP=0x000000000000006f, RSI=0x00807fac62e1df50, RDI=0x00007fac62e1c290
R8 =0x00000000a02fb1a8, R9 =0x00000000a02fb1a8, R10=0x00000001000b75e8, R11=0x0000000000000000
R12=0x0000000000000000, R13=0x00007fac62e1e718, R14=0x00000000e48fa6b8, R15=0x00007fac4c00e800
RIP=0x00007fac9cd3b8b9, EFLAGS=0x0000000000010206, CSGSFS=0x0000000000000033, ERR=0x0000000000000000
  TRAPNO=0x000000000000000d

Top of Stack: (sp=0x00007fac905df460)
0x00007fac905df460:   00007fac905df4a0 00007facb12128df
0x00007fac905df470:   0000000000000000 0000000000000000
0x00007fac905df480:   000000000000000b 8f1d7f9f8c07bc00
0x00007fac905df490:   00007fac905df4d0 0000000000000000
0x00007fac905df4a0:   00007fac905df4c0 00007facabbd5851
0x00007fac905df4b0:   00000000e48fa220 00000000e48f8018
0x00007fac905df4c0:   00007fac905df510 00007fac9c30dd68
0x00007fac905df4d0:   00000000e48fa6b8 00007fac9c27dce1
0x00007fac905df4e0:   000000000000006f 00000000a040e0c0
0x00007fac905df4f0:   00000001b4b7c7ba 00000000e48f8018
0x00007fac905df500:   00000000a00bcde0 00000000eabdf210
0x00007fac905df510:   000003ba00000261 00007fac9d086748
0x00007fac905df520:   0000000000000000 00007fac9c837744
0x00007fac905df530:   00007fac905df550 00007facb0fb43ce
0x00007fac905df540:   00000000e48faab0 00000000eac081f8
0x00007fac905df550:   00007fac905df500 8f1d7f9f8c07bc00
0x00007fac905df560:   000000000000006f 00007fac9cd37ffc
0x00007fac905df570:   00000000e48fa248 00000000e48fa6b8
0x00007fac905df580:   000000000000006f 00007fac9c1e34db
0x00007fac905df590:   0000000000000000 00007fac4c00e800
0x00007fac905df5a0:   00007fac905df500 8f1d7f9f8c07bc00
0x00007fac905df5b0:   0000000000000000 00007fac9cd9aeb2
0x00007fac905df5c0:   0000000000000000 00000000e48fa248
0x00007fac905df5d0:   00000000a040df98 00000000e48f8018
0x00007fac905df5e0:   00000000a00bcde0 8f1d7f9fb4b7c7ba
0x00007fac905df5f0:   000000000000006f 00000000e48fa6b8
0x00007fac905df600:   00007fac905df610 00007fac9c27dce1
0x00007fac905df610:   000000000000006f 00007fac9cd9ae6c
0x00007fac905df620:   00007fac905df7e0 00007fac905dfa30
0x00007fac905df630:   00007fac905df660 00007facb21f9c86
0x00007fac905df640:   00000000a040cc20 00000000e48f8018
0x00007fac905df650:   00007fac00000000 00007facb1421e6e 

Instructions: (pc=0x00007fac9cd3b8b9)
0x00007fac9cd3b899:   75 0b 00 01 00 00 00 4c 89 97 20 08 00 00 48 83
0x00007fac9cd3b8a9:   87 28 08 00 00 01 48 be 50 df e1 62 ac 7f 80 00
0x00007fac9cd3b8b9:   8b be dc 00 00 00 83 c7 08 89 be dc 00 00 00 48
0x00007fac9cd3b8c9:   be e8 4e d3 93 ac 7f 00 00 81 e7 f8 ff 7f 00 83 

Register to memory mapping:

RAX=0x0000000000000001 is an unknown value
RBX={method} {0x00007fac93ae5128} 'tryRelease' '(I)Z' in 'java/util/concurrent/locks/ReentrantLock$Sync'
RCX=0x00000000a02fb1a8 is an oop
java.lang.Thread 
 - klass: 'java/lang/Thread'
RDX=0x0000000000000001 is an unknown value
RSP=0x00007fac905df460 is pointing into the stack for thread: 0x00007fac4c00e800
RBP=0x000000000000006f is an unknown value
RSI=0x00807fac62e1df50 is an unknown value
RDI=0x00007fac62e1c290 is pointing into metadata
R8 =0x00000000a02fb1a8 is an oop
java.lang.Thread 
 - klass: 'java/lang/Thread'
R9 =0x00000000a02fb1a8 is an oop
java.lang.Thread 
 - klass: 'java/lang/Thread'
R10=0x00000001000b75e8 is pointing into metadata
R11=0x0000000000000000 is an unknown value
R12=0x0000000000000000 is an unknown value
R13=0x00007fac62e1e718 is pointing into metadata
R14=0x00000000e48fa6b8 is an oop
java.lang.ClassNotFoundException 
 - klass: 'java/lang/ClassNotFoundException'
R15=0x00007fac4c00e800 is a thread


Stack: [0x00007fac904e2000,0x00007fac905e3000],  sp=0x00007fac905df460,  free space=1013k
Native frames: (J=compiled Java code, j=interpreted, Vv=VM code, C=native code)
J 3272 C1 com.google.common.collect.MapMakerInternalMap$Segment.put(Ljava/lang/Object;ILjava/lang/Object;Z)Ljava/lang/Object; (386 bytes) @ 0x00007fac9cd3b8b9 [0x00007fac9cd38c20+0x2c99]
J 3271 C1 com.google.common.collect.MapMakerInternalMap.putIfAbsent(Ljava/lang/Object;Ljava/lang/Object;)Ljava/lang/Object; (29 bytes) @ 0x00007fac9cd37ffc [0x00007fac9cd37b00+0x4fc]
J 3404 C1 org.gradle.internal.classloader.CachingClassLoader.loadClass(Ljava/lang/String;Z)Ljava/lang/Class; (85 bytes) @ 0x00007fac9cd9ae6c [0x00007fac9cd9a8a0+0x5cc]
J 1572 C2 java.lang.ClassLoader.loadClass(Ljava/lang/String;Z)Ljava/lang/Class; (122 bytes) @ 0x00007fac9c6579d4 [0x00007fac9c6576c0+0x314]
J 1572 C2 java.lang.ClassLoader.loadClass(Ljava/lang/String;Z)Ljava/lang/Class; (122 bytes) @ 0x00007fac9c6579d4 [0x00007fac9c6576c0+0x314]
J 273 C1 java.lang.ClassLoader.loadClass(Ljava/lang/String;)Ljava/lang/Class; (7 bytes) @ 0x00007fac9c30b684 [0x00007fac9c30b580+0x104]
v  ~StubRoutines::call_stub
V  [libjvm.so+0x66088b]
V  [libjvm.so+0x65de74]
V  [libjvm.so+0x65e4d3]
V  [libjvm.so+0x9db11d]
V  [libjvm.so+0x9d9ab6]
V  [libjvm.so+0x9dbbba]
V  [libjvm.so+0x4b3745]
V  [libjvm.so+0x64d96f]
j  org.jetbrains.plugins.gradle.tooling.builder.ModuleExtendedModelBuilderImpl.buildAll(Ljava/lang/String;Lorg/gradle/api/Project;)Ljava/lang/Object;+118
j  org.jetbrains.plugins.gradle.tooling.internal.ExtraModelBuilder.buildAll(Ljava/lang/String;Lorg/gradle/api/Project;)Ljava/lang/Object;+56
j  org.gradle.tooling.internal.provider.runner.DefaultBuildController.getModel(Ljava/lang/Object;Lorg/gradle/tooling/internal/protocol/ModelIdentifier;)Lorg/gradle/tooling/internal/protocol/BuildResult;+243
j  org.gradle.tooling.internal.consumer.connection.BuildControllerAdapter.getModel(Lorg/gradle/tooling/model/Model;Ljava/lang/Class;)Ljava/lang/Object;+34
j  org.gradle.tooling.internal.consumer.connection.BuildControllerAdapter.findModel(Lorg/gradle/tooling/model/Model;Ljava/lang/Class;)Ljava/lang/Object;+3
j  org.jetbrains.plugins.gradle.model.ProjectImportAction.addExtraProject(Lorg/gradle/tooling/BuildController;Lorg/jetbrains/plugins/gradle/model/ProjectImportAction$AllModels;Lorg/gradle/tooling/model/idea/IdeaModule;)V+37
j  org.jetbrains.plugins.gradle.model.ProjectImportAction.execute(Lorg/gradle/tooling/BuildController;)Lorg/jetbrains/plugins/gradle/model/ProjectImportAction$AllModels;+70
j  org.jetbrains.plugins.gradle.model.ProjectImportAction.execute(Lorg/gradle/tooling/BuildController;)Ljava/lang/Object;+2
j  org.gradle.tooling.internal.consumer.connection.InternalBuildActionAdapter.execute(Lorg/gradle/tooling/internal/protocol/InternalBuildController;)Ljava/lang/Object;+27
j  org.gradle.tooling.internal.provider.runner.ClientProvidedBuildActionRunner.run(Lorg/gradle/internal/invocation/BuildAction;Lorg/gradle/internal/invocation/BuildController;)V+113
j  org.gradle.launcher.exec.ChainingBuildActionRunner.run(Lorg/gradle/internal/invocation/BuildAction;Lorg/gradle/internal/invocation/BuildController;)V+34
j  org.gradle.tooling.internal.provider.runner.SubscribableBuildActionRunner.run(Lorg/gradle/internal/invocation/BuildAction;Lorg/gradle/internal/invocation/BuildController;)V+37
j  org.gradle.launcher.exec.ChainingBuildActionRunner.run(Lorg/gradle/internal/invocation/BuildAction;Lorg/gradle/internal/invocation/BuildController;)V+34
j  org.gradle.launcher.exec.InProcessBuildActionExecuter.execute(Lorg/gradle/internal/invocation/BuildAction;Lorg/gradle/initialization/BuildRequestContext;Lorg/gradle/launcher/exec/BuildActionParameters;Lorg/gradle/internal/service/ServiceRegistry;)Ljava/lang/Object;+77
j  org.gradle.launcher.exec.InProcessBuildActionExecuter.execute(Lorg/gradle/internal/invocation/BuildAction;Lorg/gradle/initialization/BuildRequestContext;Ljava/lang/Object;Lorg/gradle/internal/service/ServiceRegistry;)Ljava/lang/Object;+9
j  org.gradle.launcher.exec.ContinuousBuildActionExecuter.execute(Lorg/gradle/internal/invocation/BuildAction;Lorg/gradle/initialization/BuildRequestContext;Lorg/gradle/launcher/exec/BuildActionParameters;Lorg/gradle/internal/service/ServiceRegistry;)Ljava/lang/Object;+114
j  org.gradle.launcher.exec.ContinuousBuildActionExecuter.execute(Lorg/gradle/internal/invocation/BuildAction;Lorg/gradle/initialization/BuildRequestContext;Ljava/lang/Object;Lorg/gradle/internal/service/ServiceRegistry;)Ljava/lang/Object;+9
j  org.gradle.launcher.daemon.server.exec.ExecuteBuild.doBuild(Lorg/gradle/launcher/daemon/server/api/DaemonCommandExecution;Lorg/gradle/launcher/daemon/protocol/Build;)V+74
j  org.gradle.launcher.daemon.server.exec.BuildCommandOnly.execute(Lorg/gradle/launcher/daemon/server/api/DaemonCommandExecution;)V+49
j  org.gradle.launcher.daemon.server.api.DaemonCommandExecution.proceed()Z+28
j  org.gradle.launcher.daemon.server.exec.WatchForDisconnection.execute(Lorg/gradle/launcher/daemon/server/api/DaemonCommandExecution;)V+19
j  org.gradle.launcher.daemon.server.api.DaemonCommandExecution.proceed()Z+28
j  org.gradle.launcher.daemon.server.exec.ResetDeprecationLogger.execute(Lorg/gradle/launcher/daemon/server/api/DaemonCommandExecution;)V+4
j  org.gradle.launcher.daemon.server.api.DaemonCommandExecution.proceed()Z+28
j  org.gradle.launcher.daemon.server.exec.RequestStopIfSingleUsedDaemon.execute(Lorg/gradle/launcher/daemon/server/api/DaemonCommandExecution;)V+31
j  org.gradle.launcher.daemon.server.api.DaemonCommandExecution.proceed()Z+28
j  org.gradle.launcher.daemon.server.exec.ForwardClientInput$2.call()Ljava/lang/Void;+4
j  org.gradle.launcher.daemon.server.exec.ForwardClientInput$2.call()Ljava/lang/Object;+1
j  org.gradle.util.Swapper.swap(Ljava/lang/Object;Ljava/util/concurrent/Callable;)Ljava/lang/Object;+21
j  org.gradle.launcher.daemon.server.exec.ForwardClientInput.execute(Lorg/gradle/launcher/daemon/server/api/DaemonCommandExecution;)V+63
j  org.gradle.launcher.daemon.server.api.DaemonCommandExecution.proceed()Z+28
j  org.gradle.launcher.daemon.server.health.DaemonHealthTracker.execute(Lorg/gradle/launcher/daemon/server/api/DaemonCommandExecution;)V+35
j  org.gradle.launcher.daemon.server.api.DaemonCommandExecution.proceed()Z+28
j  org.gradle.launcher.daemon.server.exec.LogToClient.doBuild(Lorg/gradle/launcher/daemon/server/api/DaemonCommandExecution;Lorg/gradle/launcher/daemon/protocol/Build;)V+87
j  org.gradle.launcher.daemon.server.exec.BuildCommandOnly.execute(Lorg/gradle/launcher/daemon/server/api/DaemonCommandExecution;)V+49
j  org.gradle.launcher.daemon.server.api.DaemonCommandExecution.proceed()Z+28
j  org.gradle.launcher.daemon.server.exec.EstablishBuildEnvironment.doBuild(Lorg/gradle/launcher/daemon/server/api/DaemonCommandExecution;Lorg/gradle/launcher/daemon/protocol/Build;)V+279
j  org.gradle.launcher.daemon.server.exec.BuildCommandOnly.execute(Lorg/gradle/launcher/daemon/server/api/DaemonCommandExecution;)V+49
j  org.gradle.launcher.daemon.server.api.DaemonCommandExecution.proceed()Z+28
j  org.gradle.launcher.daemon.server.health.HintGCAfterBuild.execute(Lorg/gradle/launcher/daemon/server/api/DaemonCommandExecution;)V+1
j  org.gradle.launcher.daemon.server.api.DaemonCommandExecution.proceed()Z+28
j  org.gradle.launcher.daemon.server.exec.StartBuildOrRespondWithBusy$1.run()V+44
j  org.gradle.launcher.daemon.server.DaemonStateCoordinator$1.run()V+4
j  org.gradle.internal.concurrent.ExecutorPolicy$CatchAndRecordFailures.onExecute(Ljava/lang/Runnable;)V+1
j  org.gradle.internal.concurrent.StoppableExecutorImpl$1.run()V+25
j  java.util.concurrent.ThreadPoolExecutor.runWorker(Ljava/util/concurrent/ThreadPoolExecutor$Worker;)V+95
j  java.util.concurrent.ThreadPoolExecutor$Worker.run()V+5
j  java.lang.Thread.run()V+11
v  ~StubRoutines::call_stub
V  [libjvm.so+0x66088b]
V  [libjvm.so+0x65de74]
V  [libjvm.so+0x65e457]
V  [libjvm.so+0x6a1754]
V  [libjvm.so+0xa09817]
V  [libjvm.so+0xa09cdc]
V  [libjvm.so+0x8b1082]
C  [libpthread.so.0+0x770a]  start_thread+0xca


---------------  P R O C E S S  ---------------

Java Threads: ( => current thread )
  0x00007fac48b54000 JavaThread "process reaper" daemon [_thread_blocked, id=10094, stack(0x00007fac6368f000,0x00007fac636c8000)]
  0x00007fac483d8800 JavaThread "File lock request listener" [_thread_in_native, id=10088, stack(0x00007fac63aff000,0x00007fac63c00000)]
  0x00007fac48007800 JavaThread "Stdin handler" [_thread_blocked, id=10087, stack(0x00007fac902e0000,0x00007fac903e1000)]
  0x00007fac4800e800 JavaThread "Asynchronous log dispatcher for org.gradle.launcher.daemon.server.DefaultDaemonConnection@16bdaccf" [_thread_blocked, id=10086, stack(0x00007fac903e1000,0x00007fac904e2000)]
=>0x00007fac4c00e800 JavaThread "Daemon worker" [_thread_in_Java, id=10083, stack(0x00007fac904e2000,0x00007fac905e3000)]
  0x00007fac4c00d000 JavaThread "Cancel handler" [_thread_blocked, id=10082, stack(0x00007fac905e3000,0x00007fac906e4000)]
  0x00007fac4c007800 JavaThread "Handler for socket connection from /127.0.0.1:36913 to /127.0.0.1:50078" [_thread_in_native, id=10081, stack(0x00007fac906e4000,0x00007fac907e5000)]
  0x00007fac5400d000 JavaThread "Daemon" [_thread_blocked, id=10080, stack(0x00007fac907e5000,0x00007fac908e6000)]
  0x00007facacb91800 JavaThread "pool-1-thread-1" [_thread_blocked, id=10079, stack(0x00007fac908e6000,0x00007fac909e7000)]
  0x00007facacb2c000 JavaThread "Incoming local TCP Connector on port 36913" [_thread_in_native, id=10078, stack(0x00007fac90bee000,0x00007fac90cef000)]
  0x00007facac0b9800 JavaThread "Service Thread" daemon [_thread_blocked, id=10076, stack(0x00007fac91d44000,0x00007fac91e45000)]
  0x00007facac0b2000 JavaThread "C1 CompilerThread2" daemon [_thread_blocked, id=10075, stack(0x00007fac91e45000,0x00007fac91f46000)]
  0x00007facac0b0000 JavaThread "C2 CompilerThread1" daemon [_thread_in_native, id=10074, stack(0x00007fac91f46000,0x00007fac92047000)]
  0x00007facac0ad800 JavaThread "C2 CompilerThread0" daemon [_thread_in_native, id=10073, stack(0x00007fac92047000,0x00007fac92148000)]
  0x00007facac0ab000 JavaThread "Signal Dispatcher" daemon [_thread_blocked, id=10072, stack(0x00007fac92148000,0x00007fac92249000)]
  0x00007facac083800 JavaThread "Finalizer" daemon [_thread_blocked, id=10071, stack(0x00007fac92521000,0x00007fac92622000)]
  0x00007facac07f000 JavaThread "Reference Handler" daemon [_thread_blocked, id=10070, stack(0x00007fac92622000,0x00007fac92723000)]
  0x00007facac00a000 JavaThread "main" [_thread_blocked, id=10062, stack(0x00007facb27b3000,0x00007facb28b4000)]

Other Threads:
  0x00007facac077800 VMThread [stack: 0x00007fac92723000,0x00007fac92824000] [id=10069]
  0x00007facac0bb800 WatcherThread [stack: 0x00007fac91c43000,0x00007fac91d44000] [id=10077]

VM state:not at safepoint (normal execution)

VM Mutex/Monitor currently owned by a thread: None

Heap:
 PSYoungGen      total 183808K, used 91047K [0x00000000e0000000, 0x00000000efe00000, 0x0000000100000000)
  eden space 169984K, 45% used [0x00000000e0000000,0x00000000e4b6df28,0x00000000ea600000)
  from space 13824K, 99% used [0x00000000ea600000,0x00000000eb37bff0,0x00000000eb380000)
  to   space 19456K, 0% used [0x00000000eeb00000,0x00000000eeb00000,0x00000000efe00000)
 ParOldGen       total 89088K, used 27193K [0x00000000a0000000, 0x00000000a5700000, 0x00000000e0000000)
  object space 89088K, 30% used [0x00000000a0000000,0x00000000a1a8e628,0x00000000a5700000)
 Metaspace       used 53377K, capacity 55118K, committed 55296K, reserved 1097728K
  class space    used 7263K, capacity 7679K, committed 7680K, reserved 1048576K

Card table byte_map: [0x00007fac9bab6000,0x00007fac9bdb7000] byte_map_base: 0x00007fac9b5b6000

Marking Bits: (ParMarkBitMap*) 0x00007facb1a8d220
 Begin Bits: [0x00007fac984b2000, 0x00007fac99cb2000)
 End Bits:   [0x00007fac99cb2000, 0x00007fac9b4b2000)

Polling page: 0x00007facb28df000

CodeCache: size=245760Kb used=18762Kb max_used=18762Kb free=226997Kb
 bounds [0x00007fac9c177000, 0x00007fac9d3e7000, 0x00007facab177000]
 total_blobs=6189 nmethods=5463 adapters=638
 compilation: enabled

Compilation events (10 events):
Event: 7.196 Thread 0x00007facac0b2000 6043       2       org.jetbrains.plugins.gradle.model.DefaultExternalLibraryDependency::hashCode (25 bytes)
Event: 7.196 Thread 0x00007facac0b2000 nmethod 6043 0x00007fac9d3d6c10 code [0x00007fac9d3d6da0, 0x00007fac9d3d7158]
Event: 7.196 Thread 0x00007facac0b2000 6044       2       org.jetbrains.plugins.gradle.model.AbstractExternalDependency::hashCode (39 bytes)
Event: 7.196 Thread 0x00007facac0b2000 nmethod 6044 0x00007fac9d3d7390 code [0x00007fac9d3d7520, 0x00007fac9d3d7908]
Event: 7.196 Thread 0x00007facac0b2000 6045       2       org.jetbrains.plugins.gradle.DefaultExternalDependencyId::hashCode (43 bytes)
Event: 7.197 Thread 0x00007facac0b2000 nmethod 6045 0x00007fac9d3d7ad0 code [0x00007fac9d3d7c60, 0x00007fac9d3d80a8]
Event: 7.200 Thread 0x00007facac0b2000 6047       1       org.jetbrains.plugins.gradle.model.AbstractExternalDependency::getDependencies (5 bytes)
Event: 7.200 Thread 0x00007facac0b2000 nmethod 6047 0x00007fac9d3d8290 code [0x00007fac9d3d83e0, 0x00007fac9d3d84f0]
Event: 7.200 Thread 0x00007facac0b2000 6046   !   2       java.util.Collections$SynchronizedCollection::add (25 bytes)
Event: 7.200 Thread 0x00007facac0b2000 nmethod 6046 0x00007fac9d3d8550 code [0x00007fac9d3d86c0, 0x00007fac9d3d89c8]

GC Heap History (10 events):
Event: 3.694 GC heap before
{Heap before GC invocations=7 (full 1):
 PSYoungGen      total 70656K, used 70652K [0x00000000e0000000, 0x00000000e7d80000, 0x0000000100000000)
  eden space 65536K, 100% used [0x00000000e0000000,0x00000000e4000000,0x00000000e4000000)
  from space 5120K, 99% used [0x00000000e4000000,0x00000000e44ff308,0x00000000e4500000)
  to   space 10752K, 0% used [0x00000000e7300000,0x00000000e7300000,0x00000000e7d80000)
 ParOldGen       total 59392K, used 11638K [0x00000000a0000000, 0x00000000a3a00000, 0x00000000e0000000)
  object space 59392K, 19% used [0x00000000a0000000,0x00000000a0b5d900,0x00000000a3a00000)
 Metaspace       used 30269K, capacity 30964K, committed 31232K, reserved 1077248K
  class space    used 4133K, capacity 4277K, committed 4352K, reserved 1048576K
Event: 3.707 GC heap after
Heap after GC invocations=7 (full 1):
 PSYoungGen      total 116736K, used 9908K [0x00000000e0000000, 0x00000000e8100000, 0x0000000100000000)
  eden space 105984K, 0% used [0x00000000e0000000,0x00000000e0000000,0x00000000e6780000)
  from space 10752K, 92% used [0x00000000e7300000,0x00000000e7cad220,0x00000000e7d80000)
  to   space 11776K, 0% used [0x00000000e6780000,0x00000000e6780000,0x00000000e7300000)
 ParOldGen       total 59392K, used 11646K [0x00000000a0000000, 0x00000000a3a00000, 0x00000000e0000000)
  object space 59392K, 19% used [0x00000000a0000000,0x00000000a0b5f900,0x00000000a3a00000)
 Metaspace       used 30269K, capacity 30964K, committed 31232K, reserved 1077248K
  class space    used 4133K, capacity 4277K, committed 4352K, reserved 1048576K
}
Event: 4.817 GC heap before
{Heap before GC invocations=8 (full 1):
 PSYoungGen      total 116736K, used 115892K [0x00000000e0000000, 0x00000000e8100000, 0x0000000100000000)
  eden space 105984K, 100% used [0x00000000e0000000,0x00000000e6780000,0x00000000e6780000)
  from space 10752K, 92% used [0x00000000e7300000,0x00000000e7cad220,0x00000000e7d80000)
  to   space 11776K, 0% used [0x00000000e6780000,0x00000000e6780000,0x00000000e7300000)
 ParOldGen       total 59392K, used 11646K [0x00000000a0000000, 0x00000000a3a00000, 0x00000000e0000000)
  object space 59392K, 19% used [0x00000000a0000000,0x00000000a0b5f900,0x00000000a3a00000)
 Metaspace       used 34581K, capacity 35386K, committed 35496K, reserved 1079296K
  class space    used 4611K, capacity 4814K, committed 4864K, reserved 1048576K
Event: 4.835 GC heap after
Heap after GC invocations=8 (full 1):
 PSYoungGen      total 117760K, used 11056K [0x00000000e0000000, 0x00000000ec380000, 0x0000000100000000)
  eden space 105984K, 0% used [0x00000000e0000000,0x00000000e0000000,0x00000000e6780000)
  from space 11776K, 93% used [0x00000000e6780000,0x00000000e724c348,0x00000000e7300000)
  to   space 13312K, 0% used [0x00000000eb680000,0x00000000eb680000,0x00000000ec380000)
 ParOldGen       total 59392K, used 11654K [0x00000000a0000000, 0x00000000a3a00000, 0x00000000e0000000)
  object space 59392K, 19% used [0x00000000a0000000,0x00000000a0b61900,0x00000000a3a00000)
 Metaspace       used 34581K, capacity 35386K, committed 35496K, reserved 1079296K
  class space    used 4611K, capacity 4814K, committed 4864K, reserved 1048576K
}
Event: 4.835 GC heap before
{Heap before GC invocations=9 (full 2):
 PSYoungGen      total 117760K, used 11056K [0x00000000e0000000, 0x00000000ec380000, 0x0000000100000000)
  eden space 105984K, 0% used [0x00000000e0000000,0x00000000e0000000,0x00000000e6780000)
  from space 11776K, 93% used [0x00000000e6780000,0x00000000e724c348,0x00000000e7300000)
  to   space 13312K, 0% used [0x00000000eb680000,0x00000000eb680000,0x00000000ec380000)
 ParOldGen       total 59392K, used 11654K [0x00000000a0000000, 0x00000000a3a00000, 0x00000000e0000000)
  object space 59392K, 19% used [0x00000000a0000000,0x00000000a0b61900,0x00000000a3a00000)
 Metaspace       used 34581K, capacity 35386K, committed 35496K, reserved 1079296K
  class space    used 4611K, capacity 4814K, committed 4864K, reserved 1048576K
Event: 4.890 GC heap after
Heap after GC invocations=9 (full 2):
 PSYoungGen      total 117760K, used 0K [0x00000000e0000000, 0x00000000ec380000, 0x0000000100000000)
  eden space 105984K, 0% used [0x00000000e0000000,0x00000000e0000000,0x00000000e6780000)
  from space 11776K, 0% used [0x00000000e6780000,0x00000000e6780000,0x00000000e7300000)
  to   space 13312K, 0% used [0x00000000eb680000,0x00000000eb680000,0x00000000ec380000)
 ParOldGen       total 89088K, used 17143K [0x00000000a0000000, 0x00000000a5700000, 0x00000000e0000000)
  object space 89088K, 19% used [0x00000000a0000000,0x00000000a10bdde0,0x00000000a5700000)
 Metaspace       used 34494K, capacity 35170K, committed 35496K, reserved 1079296K
  class space    used 4585K, capacity 4786K, committed 4864K, reserved 1048576K
}
Event: 5.562 GC heap before
{Heap before GC invocations=10 (full 2):
 PSYoungGen      total 117760K, used 105984K [0x00000000e0000000, 0x00000000ec380000, 0x0000000100000000)
  eden space 105984K, 100% used [0x00000000e0000000,0x00000000e6780000,0x00000000e6780000)
  from space 11776K, 0% used [0x00000000e6780000,0x00000000e6780000,0x00000000e7300000)
  to   space 13312K, 0% used [0x00000000eb680000,0x00000000eb680000,0x00000000ec380000)
 ParOldGen       total 89088K, used 17143K [0x00000000a0000000, 0x00000000a5700000, 0x00000000e0000000)
  object space 89088K, 19% used [0x00000000a0000000,0x00000000a10bdde0,0x00000000a5700000)
 Metaspace       used 41119K, capacity 41938K, committed 42240K, reserved 1085440K
  class space    used 5526K, capacity 5763K, committed 5888K, reserved 1048576K
Event: 5.581 GC heap after
Heap after GC invocations=10 (full 2):
 PSYoungGen      total 175104K, used 10528K [0x00000000e0000000, 0x00000000ec100000, 0x0000000100000000)
  eden space 164352K, 0% used [0x00000000e0000000,0x00000000e0000000,0x00000000ea080000)
  from space 10752K, 97% used [0x00000000eb680000,0x00000000ec0c83d8,0x00000000ec100000)
  to   space 13824K, 0% used [0x00000000ea600000,0x00000000ea600000,0x00000000eb380000)
 ParOldGen       total 89088K, used 17151K [0x00000000a0000000, 0x00000000a5700000, 0x00000000e0000000)
  object space 89088K, 19% used [0x00000000a0000000,0x00000000a10bfde0,0x00000000a5700000)
 Metaspace       used 41119K, capacity 41938K, committed 42240K, reserved 1085440K
  class space    used 5526K, capacity 5763K, committed 5888K, reserved 1048576K
}
Event: 6.808 GC heap before
{Heap before GC invocations=11 (full 2):
 PSYoungGen      total 175104K, used 174880K [0x00000000e0000000, 0x00000000ec100000, 0x0000000100000000)
  eden space 164352K, 100% used [0x00000000e0000000,0x00000000ea080000,0x00000000ea080000)
  from space 10752K, 97% used [0x00000000eb680000,0x00000000ec0c83d8,0x00000000ec100000)
  to   space 13824K, 0% used [0x00000000ea600000,0x00000000ea600000,0x00000000eb380000)
 ParOldGen       total 89088K, used 17151K [0x00000000a0000000, 0x00000000a5700000, 0x00000000e0000000)
  object space 89088K, 19% used [0x00000000a0000000,0x00000000a10bfde0,0x00000000a5700000)
 Metaspace       used 51828K, capacity 53174K, committed 53376K, reserved 1095680K
  class space    used 6947K, capacity 7225K, committed 7296K, reserved 1048576K
Event: 6.847 GC heap after
Heap after GC invocations=11 (full 2):
 PSYoungGen      total 183808K, used 13807K [0x00000000e0000000, 0x00000000efe00000, 0x0000000100000000)
  eden space 169984K, 0% used [0x00000000e0000000,0x00000000e0000000,0x00000000ea600000)
  from space 13824K, 99% used [0x00000000ea600000,0x00000000eb37bff0,0x00000000eb380000)
  to   space 19456K, 0% used [0x00000000eeb00000,0x00000000eeb00000,0x00000000efe00000)
 ParOldGen       total 89088K, used 27193K [0x00000000a0000000, 0x00000000a5700000, 0x00000000e0000000)
  object space 89088K, 30% used [0x00000000a0000000,0x00000000a1a8e628,0x00000000a5700000)
 Metaspace       used 51828K, capacity 53174K, committed 53376K, reserved 1095680K
  class space    used 6947K, capacity 7225K, committed 7296K, reserved 1048576K
}

Deoptimization events (10 events):
Event: 7.004 Thread 0x00007fac4c00e800 Uncommon trap: reason=unstable_if action=reinterpret pc=0x00007fac9cdb1050 method=groovyjarjarasm.asm.ByteVector.putShort(I)Lgroovyjarjarasm/asm/ByteVector; @ 13
Event: 7.030 Thread 0x00007fac4c00e800 Uncommon trap: reason=array_check action=maybe_recompile pc=0x00007fac9d36ce54 method=java.util.AbstractCollection.toArray([Ljava/lang/Object;)[Ljava/lang/Object; @ 119
Event: 7.031 Thread 0x00007fac4c00e800 Uncommon trap: reason=array_check action=maybe_recompile pc=0x00007fac9d36ce54 method=java.util.AbstractCollection.toArray([Ljava/lang/Object;)[Ljava/lang/Object; @ 119
Event: 7.035 Thread 0x00007fac4c00e800 Uncommon trap: reason=array_check action=maybe_recompile pc=0x00007fac9d36ce54 method=java.util.AbstractCollection.toArray([Ljava/lang/Object;)[Ljava/lang/Object; @ 119
Event: 7.035 Thread 0x00007fac4c00e800 Uncommon trap: reason=array_check action=maybe_recompile pc=0x00007fac9d36ce54 method=java.util.AbstractCollection.toArray([Ljava/lang/Object;)[Ljava/lang/Object; @ 119
Event: 7.045 Thread 0x00007fac4c00e800 Uncommon trap: reason=unstable_if action=reinterpret pc=0x00007fac9d244028 method=java.lang.Integer.getChars(II[C)V @ 20
Event: 7.065 Thread 0x00007fac4c00e800 Uncommon trap: reason=unstable_if action=reinterpret pc=0x00007fac9d395b38 method=java.lang.reflect.Executable.sharedToGenericString(IZ)Ljava/lang/String; @ 65
Event: 7.070 Thread 0x00007fac4c00e800 Uncommon trap: reason=unstable_if action=reinterpret pc=0x00007fac9d25aad0 method=sun.reflect.generics.reflectiveObjects.ParameterizedTypeImpl.<init>(Ljava/lang/Class;[Ljava/lang/reflect/Type;Ljava/lang/reflect/Type;)V @ 16
Event: 7.200 Thread 0x00007fac4c00e800 Uncommon trap: reason=unstable_if action=reinterpret pc=0x00007fac9d200ba0 method=java.lang.Integer.getChars(II[C)V @ 20
Event: 7.201 Thread 0x00007fac4c00e800 Uncommon trap: reason=class_check action=maybe_recompile pc=0x00007fac9c838a94 method=java.lang.Throwable.<init>(Ljava/lang/String;Ljava/lang/Throwable;)V @ 24

Internal exceptions (10 events):
Event: 7.157 Thread 0x00007fac4c00e800 Exception <a 'java/lang/ClassNotFoundException': groovy/lang/GroovyObjectCustomizer> (0x00000000e454cb40) thrown at [/build/openjdk-8-8jAw7G/openjdk-8-8u111-b14/src/hotspot/src/share/vm/classfile/systemDictionary.cpp, line 210]
Event: 7.158 Thread 0x00007fac4c00e800 Exception <a 'java/lang/ClassNotFoundException': org/gradle/internal/component/external/model/DefaultModuleComponentArtifactIdentifierBeanInfo> (0x00000000e4596340) thrown at [/build/openjdk-8-8jAw7G/openjdk-8-8u111-b14/src/hotspot/src/share/vm/classfile/
Event: 7.158 Thread 0x00007fac4c00e800 Exception <a 'java/lang/ClassNotFoundException': org/gradle/internal/component/external/model/DefaultModuleComponentArtifactIdentifierCustomizer> (0x00000000e45c40f0) thrown at [/build/openjdk-8-8jAw7G/openjdk-8-8u111-b14/src/hotspot/src/share/vm/classfil
Event: 7.161 Thread 0x00007fac4c00e800 Exception <a 'java/lang/ClassNotFoundException': org/jetbrains/plugins/gradle/model/DefaultExternalLibraryDependencyBeanInfo> (0x00000000e46163b0) thrown at [/build/openjdk-8-8jAw7G/openjdk-8-8u111-b14/src/hotspot/src/share/vm/classfile/systemDictionary.c
Event: 7.161 Thread 0x00007fac4c00e800 Exception <a 'java/lang/ClassNotFoundException': org/jetbrains/plugins/gradle/model/AbstractExternalDependencyBeanInfo> (0x00000000e4628180) thrown at [/build/openjdk-8-8jAw7G/openjdk-8-8u111-b14/src/hotspot/src/share/vm/classfile/systemDictionary.cpp, li
Event: 7.162 Thread 0x00007fac4c00e800 Exception <a 'java/lang/ClassNotFoundException': org/jetbrains/plugins/gradle/model/AbstractExternalDependencyCustomizer> (0x00000000e4639c08) thrown at [/build/openjdk-8-8jAw7G/openjdk-8-8u111-b14/src/hotspot/src/share/vm/classfile/systemDictionary.cpp, 
Event: 7.163 Thread 0x00007fac4c00e800 Exception <a 'java/lang/ClassNotFoundException': org/jetbrains/plugins/gradle/model/DefaultExternalLibraryDependencyCustomizer> (0x00000000e4668980) thrown at [/build/openjdk-8-8jAw7G/openjdk-8-8u111-b14/src/hotspot/src/share/vm/classfile/systemDictionary
Event: 7.173 Thread 0x00007fac4c00e800 Exception <a 'java/lang/ClassNotFoundException': org/gradle/api/internal/artifacts/result/DefaultResolvedArtifactResultBeanInfo> (0x00000000e47599f8) thrown at [/build/openjdk-8-8jAw7G/openjdk-8-8u111-b14/src/hotspot/src/share/vm/classfile/systemDictionar
Event: 7.173 Thread 0x00007fac4c00e800 Exception <a 'java/lang/ClassNotFoundException': org/gradle/api/internal/artifacts/result/DefaultResolvedArtifactResultCustomizer> (0x00000000e47898e8) thrown at [/build/openjdk-8-8jAw7G/openjdk-8-8u111-b14/src/hotspot/src/share/vm/classfile/systemDiction
Event: 7.202 Thread 0x00007fac4c00e800 Implicit null exception at 0x00007fac9cd3b8b9 to 0x0000000000000000

Events (10 events):
Event: 7.200 loading class org/gradle/tooling/model/internal/Exceptions done
Event: 7.201 Thread 0x00007fac4c00e800 Uncommon trap: trap_request=0xffffffde fr.pc=0x00007fac9c838a94
Event: 7.201 Thread 0x00007fac4c00e800 DEOPT PACKING pc=0x00007fac9c838a94 sp=0x00007fac905e0440
Event: 7.201 Thread 0x00007fac4c00e800 DEOPT UNPACKING pc=0x00007fac9c17bf69 sp=0x00007fac905e0428 mode 2
Event: 7.201 loading class org/gradle/tooling/internal/gradle/DefaultGradleBuild
Event: 7.201 loading class org/gradle/tooling/internal/gradle/DefaultGradleBuild done
Event: 7.202 loading class org/gradle/tooling/model/gradle/BasicGradleProject
Event: 7.202 loading class org/gradle/tooling/model/gradle/BasicGradleProject done
Event: 7.202 loading class org/jetbrains/plugins/gradle/tooling/internal/ModuleExtendedModelImpl
Event: 7.202 loading class org/jetbrains/plugins/gradle/tooling/internal/ModuleExtendedModelImpl done


Dynamic libraries:
00400000-00401000 r-xp 00000000 08:12 6035112                            /usr/lib/jvm/java-8-openjdk-amd64/jre/bin/java
00600000-00601000 r--p 00000000 08:12 6035112                            /usr/lib/jvm/java-8-openjdk-amd64/jre/bin/java
00601000-00602000 rw-p 00001000 08:12 6035112                            /usr/lib/jvm/java-8-openjdk-amd64/jre/bin/java
024e6000-02507000 rw-p 00000000 00:00 0                                  [heap]
a0000000-a5700000 rw-p 00000000 00:00 0 
a5700000-e0000000 ---p 00000000 00:00 0 
e0000000-efe00000 rw-p 00000000 00:00 0 
efe00000-100000000 ---p 00000000 00:00 0 
100000000-100780000 rw-p 00000000 00:00 0 
100780000-140000000 ---p 00000000 00:00 0 
7fac34000000-7fac34021000 rw-p 00000000 00:00 0 
7fac34021000-7fac38000000 ---p 00000000 00:00 0 
7fac38000000-7fac38021000 rw-p 00000000 00:00 0 
7fac38021000-7fac3c000000 ---p 00000000 00:00 0 
7fac3c000000-7fac3c021000 rw-p 00000000 00:00 0 
7fac3c021000-7fac40000000 ---p 00000000 00:00 0 
7fac40000000-7fac40021000 rw-p 00000000 00:00 0 
7fac40021000-7fac44000000 ---p 00000000 00:00 0 
7fac44000000-7fac44021000 rw-p 00000000 00:00 0 
7fac44021000-7fac48000000 ---p 00000000 00:00 0 
7fac48000000-7fac496cb000 rw-p 00000000 00:00 0 
7fac496cb000-7fac4c000000 ---p 00000000 00:00 0 
7fac4c000000-7fac4c021000 rw-p 00000000 00:00 0 
7fac4c021000-7fac50000000 ---p 00000000 00:00 0 
7fac50000000-7fac50021000 rw-p 00000000 00:00 0 
7fac50021000-7fac54000000 ---p 00000000 00:00 0 
7fac54000000-7fac54070000 rw-p 00000000 00:00 0 
7fac54070000-7fac58000000 ---p 00000000 00:00 0 
7fac58000000-7fac58021000 rw-p 00000000 00:00 0 
7fac58021000-7fac5c000000 ---p 00000000 00:00 0 
7fac5c000000-7fac5c021000 rw-p 00000000 00:00 0 
7fac5c021000-7fac60000000 ---p 00000000 00:00 0 
7fac61853000-7fac618d3000 rw-p 00000000 00:00 0 
7fac618d3000-7fac61a53000 ---p 00000000 00:00 0 
7fac61a53000-7fac61c53000 rw-p 00000000 00:00 0 
7fac61c53000-7fac61e53000 rw-p 00000000 00:00 0 
7fac61e53000-7fac62053000 rw-p 00000000 00:00 0 
7fac62053000-7fac62253000 rw-p 00000000 00:00 0 
7fac62253000-7fac62453000 rw-p 00000000 00:00 0 
7fac62453000-7fac62466000 r--s 00346000 08:12 6166685                    /usr/lib/jvm/java-8-openjdk-amd64/jre/lib/resources.jar
7fac62466000-7fac62666000 rw-p 00000000 00:00 0 
7fac62666000-7fac62866000 rw-p 00000000 00:00 0 
7fac62866000-7fac62a66000 rw-p 00000000 00:00 0 
7fac62a66000-7fac62c66000 rw-p 00000000 00:00 0 
7fac62c66000-7fac62c91000 r--s 001fc000 08:12 10366695                   /usr/local/android-studio/gradle/m2repository/com/google/guava/guava/18.0/guava-18.0.jar
7fac62c91000-7fac62c92000 r--s 00001000 08:12 10628940                   /usr/local/android-studio/gradle/m2repository/com/android/tools/annotations/25.2.1/annotations-25.2.1.jar
7fac62c92000-7fac62ca4000 r--s 000b3000 08:12 11146367                   /usr/local/android-studio/gradle/m2repository/com/android/tools/external/com-intellij/uast/145.597.3/uast-145.597.3.jar
7fac62ca4000-7fac62cac000 r--s 000a8000 08:12 8914618                    /usr/local/android-studio/gradle/m2repository/com/android/tools/external/lombok/lombok-ast/0.2.3/lombok-ast-0.2.3.jar
7fac62cac000-7fac62cae000 r--s 0000d000 08:12 8914718                    /usr/local/android-studio/gradle/m2repository/commons-codec/commons-codec/1.4/commons-codec-1.4.jar
7fac62cae000-7fac62cb0000 r--s 0000d000 08:12 8914185                    /usr/local/android-studio/gradle/m2repository/commons-logging/commons-logging/1.1.1/commons-logging-1.1.1.jar
7fac62cb0000-7fac62cb5000 r--s 00028000 08:12 8914361                    /usr/local/android-studio/gradle/m2repository/org/apache/httpcomponents/httpcore/4.1/httpcore-4.1.jar
7fac62cb5000-7fac62cb9000 r--s 0002f000 08:12 10493836                   /usr/local/android-studio/gradle/m2repository/com/google/jimfs/jimfs/1.1/jimfs-1.1.jar
7fac62cb9000-7fac62cba000 r--s 00004000 08:12 8914437                    /usr/local/android-studio/gradle/m2repository/com/intellij/annotations/12.0/annotations-12.0.jar
7fac62cba000-7fac62cbb000 r--s 00004000 08:12 9834800                    /usr/local/android-studio/gradle/m2repository/org/ow2/asm/asm-analysis/5.0.4/asm-analysis-5.0.4.jar
7fac62cbb000-7fac62cbf000 r--s 0003b000 08:12 11407599                   /usr/local/android-studio/gradle/m2repository/com/android/tools/lint/lint-api/25.2.1/lint-api-25.2.1.jar
7fac62cbf000-7fac62cc0000 r--s 0000a000 08:12 8914680                    /usr/local/android-studio/gradle/m2repository/net/sf/kxml/kxml2/2.3.0/kxml2-2.3.0.jar
7fac62cc0000-7fac62cc2000 r--s 00005000 08:12 8914352                    /usr/local/android-studio/gradle/m2repository/org/apache/httpcomponents/httpmime/4.1/httpmime-4.1.jar
7fac62cc2000-7fac62cca000 r--s 0004e000 08:12 8914372                    /usr/local/android-studio/gradle/m2repository/org/apache/httpcomponents/httpclient/4.1.1/httpclient-4.1.1.jar
7fac62cca000-7fac62cd1000 r--s 00053000 08:12 8914384                    /usr/local/android-studio/gradle/m2repository/org/apache/commons/commons-compress/1.8.1/commons-compress-1.8.1.jar
7fac62cd1000-7fac62cd6000 r--s 0002a000 08:12 8914470                    /usr/local/android-studio/gradle/m2repository/com/google/code/gson/gson/2.2.4/gson-2.2.4.jar
7fac62cd6000-7fac62cdb000 r--s 0002d000 08:12 11146376                   /usr/local/android-studio/gradle/m2repository/com/android/tools/repository/25.2.1/repository-25.2.1.jar
7fac62cdb000-7fac62cdc000 r--s 00005000 08:12 11015731                   /usr/local/android-studio/gradle/m2repository/com/android/tools/dvlib/25.2.1/dvlib-25.2.1.jar
7fac62cdc000-7fac62cdf000 r--s 00014000 08:12 10887019                   /usr/local/android-studio/gradle/m2repository/com/android/tools/layoutlib/layoutlib-api/25.2.1/layoutlib-api-25.2.1.jar
7fac62cdf000-7fac62ce4000 r--s 00058000 08:12 8914207                    /usr/local/android-studio/gradle/m2repository/org/ow2/asm/asm-debug-all/5.0.1/asm-debug-all-5.0.1.jar
7fac62ce4000-7fac62cf4000 r--s 000d6000 08:12 8914692                    /usr/local/android-studio/gradle/m2repository/net/sf/proguard/proguard-base/5.2.1/proguard-base-5.2.1.jar
7fac62cf4000-7fac62cf8000 r--s 0002a000 08:12 8914178                    /usr/local/android-studio/gradle/m2repository/commons-io/commons-io/2.4/commons-io-2.4.jar
7fac62cf8000-7fac62d0f000 r--s 00154000 08:12 9834823                    /usr/local/android-studio/gradle/m2repository/org/antlr/antlr4/4.5.3/antlr4-4.5.3.jar
7fac62d0f000-7fac62d22000 r--s 00236000 08:12 9834815                    /usr/local/android-studio/gradle/m2repository/org/eclipse/jdt/core/compiler/ecj/4.5.1/ecj-4.5.1.jar
7fac62d22000-7fac62d55000 r--s 00203000 08:12 8914319                    /usr/local/android-studio/gradle/m2repository/org/bouncycastle/bcprov-jdk15on/1.48/bcprov-jdk15on-1.48.jar
7fac62d55000-7fac62d63000 r--s 00081000 08:12 8914324                    /usr/local/android-studio/gradle/m2repository/org/bouncycastle/bcpkix-jdk15on/1.48/bcpkix-jdk15on-1.48.jar
7fac62d63000-7fac62f63000 rw-p 00000000 00:00 0 
7fac62f63000-7fac63163000 rw-p 00000000 00:00 0 
7fac63163000-7fac63363000 rw-p 00000000 00:00 0 
7fac63363000-7fac63563000 rw-p 00000000 00:00 0 
7fac63563000-7fac63566000 r--s 00033000 08:12 8914444                    /usr/local/android-studio/gradle/m2repository/com/googlecode/juniversalchardet/juniversalchardet/1.0.3/juniversalchardet-1.0.3.jar
7fac63566000-7fac63567000 r--s 00002000 08:12 10493840                   /usr/local/android-studio/gradle/m2repository/com/android/databinding/baseLibrary/2.2.1/baseLibrary-2.2.1.jar
7fac63567000-7fac6356e000 r--s 000c3000 08:12 11277805                   /usr/local/android-studio/gradle/m2repository/com/android/tools/lint/lint-checks/25.2.1/lint-checks-25.2.1.jar
7fac6356e000-7fac63570000 r--s 00006000 08:12 9834803                    /usr/local/android-studio/gradle/m2repository/org/ow2/asm/asm-tree/5.0.4/asm-tree-5.0.4.jar
7fac63570000-7fac63572000 r--s 00002000 08:12 8914452                    /usr/local/android-studio/gradle/m2repository/com/squareup/javawriter/2.5.0/javawriter-2.5.0.jar
7fac63572000-7fac63573000 r--s 00002000 08:12 11146386                   /usr/local/android-studio/gradle/m2repository/com/android/tools/analytics-library/tracker/25.2.1/tracker-25.2.1.jar
7fac63573000-7fac63575000 r--s 00003000 08:12 11277787                   /usr/local/android-studio/gradle/m2repository/com/android/tools/analytics-library/shared/25.2.1/shared-25.2.1.jar
7fac63575000-7fac63582000 r--s 000ed000 08:12 11146396                   /usr/local/android-studio/gradle/m2repository/com/android/tools/analytics-library/protos/25.2.1/protos-25.2.1.jar
7fac63582000-7fac63583000 r--s 00001000 08:12 8914506                    /usr/local/android-studio/gradle/m2repository/com/android/tools/jill/jill-api/0.10.0/jill-api-0.10.0.jar
7fac63583000-7fac63585000 r--s 00003000 08:12 11407619                   /usr/local/android-studio/gradle/m2repository/com/android/tools/jack/jack-api/0.11.0/jack-api-0.11.0.jar
7fac63585000-7fac6358a000 r--s 0004a000 08:12 11015703                   /usr/local/android-studio/gradle/m2repository/com/android/tools/ddms/ddmlib/25.2.1/ddmlib-25.2.1.jar
7fac6358a000-7fac6358d000 r--s 00021000 08:12 10757360                   /usr/local/android-studio/gradle/m2repository/com/android/tools/build/manifest-merger/25.2.1/manifest-merger-25.2.1.jar
7fac6358d000-7fac6358f000 r--s 0001c000 08:12 11407635                   /usr/local/android-studio/gradle/m2repository/com/android/tools/common/25.2.1/common-25.2.1.jar
7fac6358f000-7fac63598000 r--s 00083000 08:12 10887036                   /usr/local/android-studio/gradle/m2repository/com/android/tools/sdk-common/25.2.1/sdk-common-25.2.1.jar
7fac63598000-7fac635a3000 r--s 0008e000 08:12 11407616                   /usr/local/android-studio/gradle/m2repository/com/android/tools/sdklib/25.2.1/sdklib-25.2.1.jar
7fac635a3000-7fac635a4000 r--s 00002000 08:12 10628965                   /usr/local/android-studio/gradle/m2repository/com/android/tools/build/builder-test-api/2.2.1/builder-test-api-2.2.1.jar
7fac635a4000-7fac635a7000 r--s 00005000 08:12 10757376                   /usr/local/android-studio/gradle/m2repository/com/android/tools/build/builder-model/2.2.1/builder-model-2.2.1.jar
7fac635a7000-7fac635af000 r--s 0007b000 08:12 10366705                   /usr/local/android-studio/gradle/m2repository/com/google/protobuf/protobuf-java/2.5.0/protobuf-java-2.5.0.jar
7fac635af000-7fac635b1000 r--s 0000f000 08:12 11537255                   /usr/local/android-studio/gradle/m2repository/net/sf/jopt-simple/jopt-simple/4.9/jopt-simple-4.9.jar
7fac635b1000-7fac635b5000 r--s 0001f000 08:12 10366690                   /usr/local/android-studio/gradle/m2repository/org/jacoco/org.jacoco.report/0.7.5.201505241946/org.jacoco.report-0.7.5.201505241946.jar
7fac635b5000-7fac635b9000 r--s 0001d000 08:12 9834827                    /usr/local/android-studio/gradle/m2repository/org/jacoco/org.jacoco.core/0.7.5.201505241946/org.jacoco.core-0.7.5.201505241946.jar
7fac635b9000-7fac635ba000 r--s 00002000 08:12 8914708                    /usr/local/android-studio/gradle/m2repository/net/sf/proguard/proguard-gradle/5.2.1/proguard-gradle-5.2.1.jar
7fac635ba000-7fac635bc000 r--s 00009000 08:12 9834806                    /usr/local/android-studio/gradle/m2repository/org/ow2/asm/asm-commons/5.0.4/asm-commons-5.0.4.jar
7fac635bc000-7fac635be000 r--s 0000c000 08:12 9834812                    /usr/local/android-studio/gradle/m2repository/org/ow2/asm/asm/5.0.4/asm-5.0.4.jar
7fac635be000-7fac635c2000 r--s 0002b000 08:12 10493865                   /usr/local/android-studio/gradle/m2repository/com/android/databinding/compilerCommon/2.2.1/compilerCommon-2.2.1.jar
7fac635c2000-7fac635c3000 r--s 00002000 08:12 10366717                   /usr/local/android-studio/gradle/m2repository/com/android/tools/build/gradle-api/2.2.1/gradle-api-2.2.1.jar
7fac635c3000-7fac635c4000 r--s 00000000 08:12 8914505                    /usr/local/android-studio/gradle/m2repository/com/android/tools/build/transform-api/2.0.0-deprecated-use-gradle-api/transform-api-2.0.0-deprecated-use-gradle-api.jar
7fac635c4000-7fac635db000 r--s 0015d000 08:12 10628952                   /usr/local/android-studio/gradle/m2repository/com/android/tools/build/builder/2.2.1/builder-2.2.1.jar
7fac635db000-7fac635f7000 r--s 0019d000 08:12 10757364                   /usr/local/android-studio/gradle/m2repository/com/android/tools/build/gradle-core/2.2.1/gradle-core-2.2.1.jar
7fac635f7000-7fac6361f000 r--s 001cf000 08:12 8783580                    /usr/local/android-studio/plugins/gradle/lib/guava-jdk5-17.0.jar
7fac6361f000-7fac6368f000 r--s 00643000 08:12 8782047                    /usr/local/android-studio/lib/groovy-all-2.4.6.jar
7fac6368f000-7fac63692000 ---p 00000000 00:00 0 
7fac63692000-7fac638c8000 rw-p 00000000 00:00 0 
7fac638c8000-7fac63ac8000 rw-p 00000000 00:00 0 
7fac63ac8000-7fac63aff000 r--s 001bd000 08:12 11146346                   /home/peter/.gradle/caches/jars-1/2xkn8y4g49ep3x2f5cg5s5a2xqtca3v/gradle-core-2.14.1.jar
7fac63aff000-7fac63b02000 ---p 00000000 00:00 0 
7fac63b02000-7fac63e00000 rw-p 00000000 00:00 0 
7fac63e00000-7fac64000000 rw-p 00000000 00:00 0 
7fac64000000-7fac64ac4000 rw-p 00000000 00:00 0 
7fac64ac4000-7fac68000000 ---p 00000000 00:00 0 
7fac68000000-7fac68021000 rw-p 00000000 00:00 0 
7fac68021000-7fac6c000000 ---p 00000000 00:00 0 
7fac6c000000-7fac6decf000 rw-p 00000000 00:00 0 
7fac6decf000-7fac70000000 ---p 00000000 00:00 0 
7fac70000000-7fac70021000 rw-p 00000000 00:00 0 
7fac70021000-7fac74000000 ---p 00000000 00:00 0 
7fac74000000-7fac74021000 rw-p 00000000 00:00 0 
7fac74021000-7fac78000000 ---p 00000000 00:00 0 
7fac78000000-7fac7a3a5000 rw-p 00000000 00:00 0 
7fac7a3a5000-7fac7c000000 ---p 00000000 00:00 0 
7fac7c000000-7fac7c032000 rw-p 00000000 00:00 0 
7fac7c032000-7fac80000000 ---p 00000000 00:00 0 
7fac80000000-7fac80021000 rw-p 00000000 00:00 0 
7fac80021000-7fac84000000 ---p 00000000 00:00 0 
7fac84000000-7fac8404d000 rw-p 00000000 00:00 0 
7fac8404d000-7fac88000000 ---p 00000000 00:00 0 
7fac88000000-7fac88021000 rw-p 00000000 00:00 0 
7fac88021000-7fac8c000000 ---p 00000000 00:00 0 
7fac8c000000-7fac8c021000 rw-p 00000000 00:00 0 
7fac8c021000-7fac90000000 ---p 00000000 00:00 0 
7fac90000000-7fac90005000 r--s 00053000 08:12 11277821                   /usr/local/android-studio/gradle/m2repository/com/android/tools/lint/lint/25.2.1/lint-25.2.1.jar
7fac90005000-7fac90007000 r--s 0000d000 08:12 10886992                   /usr/local/android-studio/gradle/m2repository/com/android/tools/build/gradle/2.2.1/gradle-2.2.1.jar
7fac90007000-7fac90008000 r--s 00002000 08:12 8782046                    /usr/local/android-studio/lib/external-system-rt.jar
7fac90008000-7fac9000d000 r--s 00034000 08:12 8782042                    /usr/local/android-studio/lib/gson-2.5.jar
7fac9000d000-7fac9000f000 r--s 0000a000 08:12 8783135                    /usr/local/android-studio/plugins/gradle/lib/gradle-tooling-extension-api.jar
7fac9000f000-7fac90010000 r--p 00000000 00:00 0 
7fac90010000-7fac90015000 r--s 00076000 08:12 8783144                    /usr/local/android-studio/plugins/gradle/lib/gradle-tooling-extension-impl.jar
7fac90015000-7fac90016000 r--s 00000000 08:12 10880200                   /home/peter/.gradle/caches/jars-1/dg22azhabc6tsc1i8xni15giz1bnssh/gradle-appengine-builder-model-0.1.0.jar
7fac90016000-7fac90019000 r--s 00005000 08:12 11146362                   /home/peter/.gradle/caches/jars-1/aembewtwr3e7s6a0xkzh7au0nqprc8i/builder-model-2.2.0-alpha6.jar
7fac90019000-7fac9001a000 r--s 00002000 08:12 11146360                   /home/peter/.gradle/caches/jars-1/9pat4a2vl3jrskpg2kra342ensd6e7/external-system-rt.jar
7fac9001a000-7fac9001c000 r--s 0000a000 08:12 11146358                   /home/peter/.gradle/caches/jars-1/411vq8j40nmkhjbby7ci72fm3i2jnfb/gradle-tooling-extension-api.jar
7fac9001c000-7fac90029000 r--s 0017f000 08:12 11146356                   /home/peter/.gradle/caches/jars-1/k645wab4rd5a5h570wgy6nyiiaa7avd/velocity.jar
7fac90029000-7fac90051000 r--s 001cf000 08:12 10880190                   /home/peter/.gradle/caches/jars-1/87eo0lrvp84r6dbxjq018wy66es2era/guava-jdk5-17.0.jar
7fac90051000-7fac90059000 r--s 0003a000 08:12 11015657                   /home/peter/.gradle/caches/jars-1/fdivu3ta8l5xdemt5omuo26ei8xpixu/gradle-base-services-2.14.1.jar
7fac90059000-7fac90067000 r--s 0004f000 08:12 10886941                   /home/peter/.gradle/caches/jars-1/lx7cd34m09bn56fdke7xikr221f6475/gradle-tooling-api-2.14.1.jar
7fac90067000-7fac900e0000 r--s 010ec000 08:12 9438715                    /usr/lib/jvm/java-8-openjdk-amd64/lib/tools.jar
7fac900e0000-7fac902e0000 rw-p 00000000 00:00 0 
7fac902e0000-7fac902e3000 ---p 00000000 00:00 0 
7fac902e3000-7fac903e1000 rw-p 00000000 00:00 0 
7fac903e1000-7fac903e4000 ---p 00000000 00:00 0 
7fac903e4000-7fac904e2000 rw-p 00000000 00:00 0 
7fac904e2000-7fac904e5000 ---p 00000000 00:00 0 
7fac904e5000-7fac905e3000 rw-p 00000000 00:00 0 
7fac905e3000-7fac905e6000 ---p 00000000 00:00 0 
7fac905e6000-7fac906e4000 rw-p 00000000 00:00 0 
7fac906e4000-7fac906e7000 ---p 00000000 00:00 0 
7fac906e7000-7fac907e5000 rw-p 00000000 00:00 0 
7fac907e5000-7fac907e8000 ---p 00000000 00:00 0 
7fac907e8000-7fac908e6000 rw-p 00000000 00:00 0 
7fac908e6000-7fac908e9000 ---p 00000000 00:00 0 
7fac908e9000-7fac909e7000 rw-p 00000000 00:00 0 
7fac909e7000-7fac909ee000 r--s 00000000 08:12 526254                     /usr/lib/x86_64-linux-gnu/gconv/gconv-modules.cache
7fac909ee000-7fac90bee000 rw-p 00000000 00:00 0 
7fac90bee000-7fac90bf1000 ---p 00000000 00:00 0 
7fac90bf1000-7fac90cef000 rw-p 00000000 00:00 0 
7fac90cef000-7fac90cf8000 r-xp 00000000 08:12 6426928                    /usr/lib/jvm/java-8-openjdk-amd64/jre/lib/amd64/libmanagement.so
7fac90cf8000-7fac90ef7000 ---p 00009000 08:12 6426928                    /usr/lib/jvm/java-8-openjdk-amd64/jre/lib/amd64/libmanagement.so
7fac90ef7000-7fac90ef8000 r--p 00008000 08:12 6426928                    /usr/lib/jvm/java-8-openjdk-amd64/jre/lib/amd64/libmanagement.so
7fac90ef8000-7fac90ef9000 rw-p 00009000 08:12 6426928                    /usr/lib/jvm/java-8-openjdk-amd64/jre/lib/amd64/libmanagement.so
7fac90ef9000-7fac90efd000 r--s 00097000 08:12 6166696                    /usr/lib/jvm/java-8-openjdk-amd64/jre/lib/jsse.jar
7fac90efd000-7fac90eff000 r--s 00007000 08:12 8914041                    /usr/local/android-studio/gradle/gradle-2.14.1/lib/plugins/gradle-tooling-api-builders-2.14.1.jar
7fac90eff000-7fac90f02000 r--s 00008000 08:12 8914035                    /usr/local/android-studio/gradle/gradle-2.14.1/lib/plugins/gradle-testing-native-2.14.1.jar
7fac90f02000-7fac90f04000 r--s 00009000 08:12 8914116                    /usr/local/android-studio/gradle/gradle-2.14.1/lib/plugins/hamcrest-core-1.3.jar
7fac90f04000-7fac90f0a000 r--s 00033000 08:12 8914046                    /usr/local/android-studio/gradle/gradle-2.14.1/lib/plugins/snakeyaml-1.6.jar
7fac90f0a000-7fac90f0c000 r--s 00006000 08:12 8914067                    /usr/local/android-studio/gradle/gradle-2.14.1/lib/plugins/jcommander-1.12.jar
7fac90f0c000-7fac90f11000 r--s 00040000 08:12 8914044                    /usr/local/android-studio/gradle/gradle-2.14.1/lib/plugins/bsh-2.0b4.jar
7fac90f11000-7fac90f1a000 r--s 00089000 08:12 8914070                    /usr/local/android-studio/gradle/gradle-2.14.1/lib/plugins/testng-6.3.1.jar
7fac90f1a000-7fac90f22000 r--s 00045000 08:12 8914075                    /usr/local/android-studio/gradle/gradle-2.14.1/lib/plugins/junit-4.12.jar
7fac90f22000-7fac90f28000 r--s 0002e000 08:12 8914051                    /usr/local/android-studio/gradle/gradle-2.14.1/lib/plugins/gradle-testing-jvm-2.14.1.jar
7fac90f28000-7fac90f2d000 r--s 00015000 08:12 8914060                    /usr/local/android-studio/gradle/gradle-2.14.1/lib/plugins/gradle-testing-base-2.14.1.jar
7fac90f2d000-7fac90f2e000 r--s 00002000 08:12 8914073                    /usr/local/android-studio/gradle/gradle-2.14.1/lib/plugins/sonar-batch-bootstrapper-2.9.jar
7fac90f2e000-7fac90f31000 r--s 00015000 08:12 8914050                    /usr/local/android-studio/gradle/gradle-2.14.1/lib/plugins/gradle-sonar-2.14.1.jar
7fac90f31000-7fac90f38000 r--s 00038000 08:12 8914091                    /usr/local/android-studio/gradle/gradle-2.14.1/lib/plugins/bcpg-jdk15on-1.51.jar
7fac90f38000-7fac90f3a000 r--s 0000d000 08:12 8914097                    /usr/local/android-studio/gradle/gradle-2.14.1/lib/plugins/gradle-signing-2.14.1.jar
7fac90f3a000-7fac90f3d000 r--s 00009000 08:12 8914080                    /usr/local/android-studio/gradle/gradle-2.14.1/lib/plugins/gradle-scala-2.14.1.jar
7fac90f3d000-7fac90f3e000 r--s 00004000 08:12 8914104                    /usr/local/android-studio/gradle/gradle-2.14.1/lib/plugins/gradle-resources-sftp-2.14.1.jar
7fac90f3e000-7fac90f4e000 r--s 00088000 08:12 8914057                    /usr/local/android-studio/gradle/gradle-2.14.1/lib/plugins/joda-time-2.8.2.jar
7fac90f4e000-7fac90f5f000 r--s 000cf000 08:12 8914123                    /usr/local/android-studio/gradle/gradle-2.14.1/lib/plugins/jackson-databind-2.3.2.jar
7fac90f5f000-7fac90f61000 r--s 00007000 08:12 8914086                    /usr/local/android-studio/gradle/gradle-2.14.1/lib/plugins/jackson-annotations-2.3.2.jar
7fac90f61000-7fac90f64000 r--s 0002e000 08:12 8914093                    /usr/local/android-studio/gradle/gradle-2.14.1/lib/plugins/jackson-core-2.3.2.jar
7fac90f64000-7fac90f6f000 r--s 0006b000 08:12 8914140                    /usr/local/android-studio/gradle/gradle-2.14.1/lib/plugins/aws-java-sdk-core-1.9.19.jar
7fac90f6f000-7fac90f75000 r--s 00036000 08:12 8914085                    /usr/local/android-studio/gradle/gradle-2.14.1/lib/plugins/aws-java-sdk-kms-1.9.19.jar
7fac90f75000-7fac90f80000 r--s 00079000 08:12 8914072                    /usr/local/android-studio/gradle/gradle-2.14.1/lib/plugins/aws-java-sdk-s3-1.9.19.jar
7fac90f80000-7fac90f81000 r--s 00003000 08:12 8914119                    /usr/local/android-studio/gradle/gradle-2.14.1/lib/plugins/gradle-resources-s3-2.14.1.jar
7fac90f81000-7fac90f83000 r--s 00005000 08:12 8914114                    /usr/local/android-studio/gradle/gradle-2.14.1/lib/plugins/jatl-0.2.2.jar
7fac90f83000-7fac90f85000 r--s 0000f000 08:12 8914131                    /usr/local/android-studio/gradle/gradle-2.14.1/lib/plugins/gradle-reporting-2.14.1.jar
7fac90f85000-7fac90f87000 r--s 00002000 08:12 8914090                    /usr/local/android-studio/gradle/gradle-2.14.1/lib/plugins/gradle-publish-2.14.1.jar
7fac90f87000-7fac90f89000 r--s 00009000 08:12 8914063                    /usr/local/android-studio/gradle/gradle-2.14.1/lib/plugins/commons-cli-1.2.jar
7fac90f89000-7fac90f8f000 r--s 00033000 08:12 8914074                    /usr/local/android-studio/gradle/gradle-2.14.1/lib/plugins/gradle-plugins-2.14.1.jar
7fac90f8f000-7fac90f91000 r--s 00007000 08:12 8914038                    /usr/local/android-studio/gradle/gradle-2.14.1/lib/plugins/gradle-plugin-development-2.14.1.jar
7fac90f91000-7fac90f97000 r--s 0002a000 08:12 8914096                    /usr/local/android-studio/gradle/gradle-2.14.1/lib/plugins/gradle-platform-play-2.14.1.jar
7fac90f97000-7fac90fa4000 r--s 0004d000 08:12 8914095                    /usr/local/android-studio/gradle/gradle-2.14.1/lib/plugins/gradle-platform-native-2.14.1.jar
7fac90fa4000-7fac90fa8000 r--s 0001a000 08:12 8914117                    /usr/local/android-studio/gradle/gradle-2.14.1/lib/plugins/gradle-platform-jvm-2.14.1.jar
7fac90fa8000-7fac90faf000 r--s 00029000 08:12 8914066                    /usr/local/android-studio/gradle/gradle-2.14.1/lib/plugins/gradle-platform-base-2.14.1.jar
7fac90faf000-7fac90fd0000 r--s 001c3000 08:12 8914042                    /usr/local/android-studio/gradle/gradle-2.14.1/lib/plugins/bndlib-2.4.0.jar
7fac90fd0000-7fac90fd2000 r--s 00003000 08:12 8914122                    /usr/local/android-studio/gradle/gradle-2.14.1/lib/plugins/gradle-osgi-2.14.1.jar
7fac90fd2000-7fac90fd5000 r--s 0000c000 08:12 8914126                    /usr/local/android-studio/gradle/gradle-2.14.1/lib/plugins/pmaven-groovy-0.8-20100325.jar
7fac90fd5000-7fac90fd6000 r--s 00004000 08:12 8914112                    /usr/local/android-studio/gradle/gradle-2.14.1/lib/plugins/pmaven-common-0.8-20100325.jar
7fac90fd6000-7fac90fdc000 r--s 00022000 08:12 8914065                    /usr/local/android-studio/gradle/gradle-2.14.1/lib/plugins/gradle-maven-2.14.1.jar
7fac90fdc000-7fac90fde000 r--s 0000a000 08:12 8914047                    /usr/local/android-studio/gradle/gradle-2.14.1/lib/plugins/gradle-language-scala-2.14.1.jar
7fac90fde000-7fac90fe4000 r--s 0001a000 08:12 8914052                    /usr/local/android-studio/gradle/gradle-2.14.1/lib/plugins/gradle-language-native-2.14.1.jar
7fac90fe4000-7fac90fe6000 r--s 00008000 08:12 8914040                    /usr/local/android-studio/gradle/gradle-2.14.1/lib/plugins/gradle-language-jvm-2.14.1.jar
7fac90fe6000-7fac90fec000 r--s 00024000 08:12 8914113                    /usr/local/android-studio/gradle/gradle-2.14.1/lib/plugins/gradle-language-java-2.14.1.jar
7fac90fec000-7fac90fee000 r--s 0000a000 08:12 8914094                    /usr/local/android-studio/gradle/gradle-2.14.1/lib/plugins/gradle-language-groovy-2.14.1.jar
7fac90fee000-7fac90ff1000 r--s 0001e000 08:12 8914034                    /usr/local/android-studio/gradle/gradle-2.14.1/lib/plugins/jsp-api-2.1-6.1.14.jar
7fac90ff1000-7fac91014000 r--s 00344000 08:12 8914087                    /usr/local/android-studio/gradle/gradle-2.14.1/lib/plugins/core-3.1.1.jar
7fac91014000-7fac91015000 r--s 00006000 08:12 8914124                    /usr/local/android-studio/gradle/gradle-2.14.1/lib/plugins/jetty-naming-6.1.25.jar
7fac91015000-7fac91016000 r--s 00002000 08:12 8914082                    /usr/local/android-studio/gradle/gradle-2.14.1/lib/plugins/geronimo-annotation_1.0_spec-1.0.jar
7fac91016000-7fac91018000 r--s 00002000 08:12 8914120                    /usr/local/android-studio/gradle/gradle-2.14.1/lib/plugins/jetty-annotations-6.1.25.jar
7fac91018000-7fac91029000 r--s 000ea000 08:12 8914133                    /usr/local/android-studio/gradle/gradle-2.14.1/lib/plugins/jsp-2.1-6.1.14.jar
7fac91029000-7fac9102b000 r--s 0000d000 08:12 8914088                    /usr/local/android-studio/gradle/gradle-2.14.1/lib/plugins/jetty-plus-6.1.25.jar
7fac9102b000-7fac9102d000 r--s 0001f000 08:12 8914147                    /usr/local/android-studio/gradle/gradle-2.14.1/lib/plugins/servlet-api-2.5-20081211.jar
7fac9102d000-7fac91031000 r--s 00028000 08:12 8914068                    /usr/local/android-studio/gradle/gradle-2.14.1/lib/plugins/jetty-util-6.1.25.jar
7fac91031000-7fac91038000 r--s 0007d000 08:12 8914076                    /usr/local/android-studio/gradle/gradle-2.14.1/lib/plugins/jetty-6.1.25.jar
7fac91038000-7fac9103a000 r--s 00009000 08:12 8914129                    /usr/local/android-studio/gradle/gradle-2.14.1/lib/plugins/gradle-jetty-2.14.1.jar
7fac9103a000-7fac91041000 r--s 00035000 08:12 8914143                    /usr/local/android-studio/gradle/gradle-2.14.1/lib/plugins/simple-4.1.21.jar
7fac91041000-7fac9104d000 r--s 00100000 08:12 8914058                    /usr/local/android-studio/gradle/gradle-2.14.1/lib/plugins/rhino-1.7R3.jar
7fac9104d000-7fac91051000 r--s 00011000 08:12 8914111                    /usr/local/android-studio/gradle/gradle-2.14.1/lib/plugins/gradle-javascript-2.14.1.jar
7fac91051000-7fac91053000 r--s 0000c000 08:12 8914145                    /usr/local/android-studio/gradle/gradle-2.14.1/lib/plugins/gradle-jacoco-2.14.1.jar
7fac91053000-7fac91056000 r--s 0000e000 08:12 8914142                    /usr/local/android-studio/gradle/gradle-2.14.1/lib/plugins/gradle-ivy-2.14.1.jar
7fac91056000-7fac91057000 r--s 00002000 08:12 8914134                    /usr/local/android-studio/gradle/gradle-2.14.1/lib/plugins/gradle-ide-play-2.14.1.jar
7fac91057000-7fac9105c000 r--s 0002b000 08:12 8914130                    /usr/local/android-studio/gradle/gradle-2.14.1/lib/plugins/gradle-ide-native-2.14.1.jar
7fac9105c000-7fac91067000 r--s 00066000 08:12 8914048                    /usr/local/android-studio/gradle/gradle-2.14.1/lib/plugins/gradle-ide-2.14.1.jar
7fac91067000-7fac91068000 r--s 00008000 08:12 8914045                    /usr/local/android-studio/gradle/gradle-2.14.1/lib/plugins/gradle-ear-2.14.1.jar
7fac91068000-7fac9106e000 r--s 00032000 08:12 8914056                    /usr/local/android-studio/gradle/gradle-2.14.1/lib/plugins/gradle-diagnostics-2.14.1.jar
7fac9106e000-7fac91072000 r--s 00021000 08:12 8914132                    /usr/local/android-studio/gradle/gradle-2.14.1/lib/plugins/gradle-code-quality-2.14.1.jar
7fac91072000-7fac91076000 r--s 0001f000 08:12 8914055                    /usr/local/android-studio/gradle/gradle-2.14.1/lib/plugins/gradle-build-init-2.14.1.jar
7fac91076000-7fac9107d000 r--s 0008e000 08:12 8914139                    /usr/local/android-studio/gradle/gradle-2.14.1/lib/plugins/gradle-build-comparison-2.14.1.jar
7fac9107d000-7fac9107f000 r--s 00008000 08:12 8914115                    /usr/local/android-studio/gradle/gradle-2.14.1/lib/plugins/gradle-antlr-2.14.1.jar
7fac9107f000-7fac91081000 r--s 00004000 08:12 8914141                    /usr/local/android-studio/gradle/gradle-2.14.1/lib/plugins/gradle-announce-2.14.1.jar
7fac91081000-7fac91099000 r--s 00115000 08:12 8914079                    /usr/local/android-studio/gradle/gradle-2.14.1/lib/plugins/xercesImpl-2.9.1.jar
7fac91099000-7fac910a1000 r--s 00028000 08:12 8914107                    /usr/local/android-studio/gradle/gradle-2.14.1/lib/plugins/xml-apis-1.3.04.jar
7fac910a1000-7fac910a7000 r--s 0005b000 08:12 8914098                    /usr/local/android-studio/gradle/gradle-2.14.1/lib/plugins/jcifs-1.3.17.jar
7fac910a7000-7fac910ae000 r--s 00049000 08:12 8914109                    /usr/local/android-studio/gradle/gradle-2.14.1/lib/plugins/httpcore-4.4.4.jar
7fac910ae000-7fac910b4000 r--s 00033000 08:12 8914054                    /usr/local/android-studio/gradle/gradle-2.14.1/lib/plugins/commons-codec-1.6.jar
7fac910b4000-7fac910b7000 r--s 0001c000 08:12 8914049                    /usr/local/android-studio/gradle/gradle-2.14.1/lib/plugins/nekohtml-1.9.14.jar
7fac910b7000-7fac910c4000 r--s 000a4000 08:12 8914127                    /usr/local/android-studio/gradle/gradle-2.14.1/lib/plugins/httpclient-4.4.1.jar
7fac910c4000-7fac910c6000 r--s 0000a000 08:12 8914036                    /usr/local/android-studio/gradle/gradle-2.14.1/lib/plugins/gradle-resources-http-2.14.1.jar
7fac910c6000-7fac910ca000 r--s 00014000 08:12 8914101                    /usr/local/android-studio/gradle/gradle-2.14.1/lib/plugins/gradle-plugin-use-2.14.1.jar
7fac910ca000-7fac910cb000 r--s 00000000 08:12 8913992                    /usr/local/android-studio/gradle/gradle-2.14.1/lib/gradle-installation-beacon-2.14.1.jar
7fac910cb000-7fac910cc000 r--s 00007000 08:12 8914064                    /usr/local/android-studio/gradle/gradle-2.14.1/lib/plugins/wagon-http-shared4-2.4.jar
7fac910cc000-7fac910d0000 r--s 00033000 08:12 8914118                    /usr/local/android-studio/gradle/gradle-2.14.1/lib/plugins/plexus-utils-2.0.6.jar
7fac910d0000-7fac910d4000 r--s 00021000 08:12 8914100                    /usr/local/android-studio/gradle/gradle-2.14.1/lib/plugins/maven-model-builder-3.0.4.jar
7fac910d4000-7fac910d5000 r--s 00002000 08:12 8914053                    /usr/local/android-studio/gradle/gradle-2.14.1/lib/plugins/wagon-file-2.4.jar
7fac910d5000-7fac910d7000 r--s 00002000 08:12 8914110                    /usr/local/android-studio/gradle/gradle-2.14.1/lib/plugins/plexus-cipher-1.7.jar
7fac910d7000-7fac910da000 r--s 00013000 08:12 8914146                    /usr/local/android-studio/gradle/gradle-2.14.1/lib/plugins/aether-api-1.13.1.jar
7fac910da000-7fac910dc000 r--s 0000a000 08:12 8914069                    /usr/local/android-studio/gradle/gradle-2.14.1/lib/plugins/maven-settings-3.0.4.jar
7fac910dc000-7fac910de000 r--s 0000d000 08:12 8914102                    /usr/local/android-studio/gradle/gradle-2.14.1/lib/plugins/plexus-interpolation-1.14.jar
7fac910de000-7fac910e0000 r--s 0000b000 08:12 8914125                    /usr/local/android-studio/gradle/gradle-2.14.1/lib/plugins/maven-artifact-3.0.4.jar
7fac910e0000-7fac910e7000 r--s 0002e000 08:12 8914061                    /usr/local/android-studio/gradle/gradle-2.14.1/lib/plugins/plexus-container-default-1.5.5.jar
7fac910e7000-7fac910e9000 r--s 0000b000 08:12 8914089                    /usr/local/android-studio/gradle/gradle-2.14.1/lib/plugins/maven-plugin-api-3.0.4.jar
7fac910e9000-7fac910eb000 r--s 00000000 08:12 8914092                    /usr/local/android-studio/gradle/gradle-2.14.1/lib/plugins/plexus-component-annotations-1.5.5.jar
7fac910eb000-7fac910f1000 r--s 0003f000 08:12 8914103                    /usr/local/android-studio/gradle/gradle-2.14.1/lib/plugins/maven-compat-3.0.4.jar
7fac910f1000-7fac910f4000 r--s 00008000 08:12 8914077                    /usr/local/android-studio/gradle/gradle-2.14.1/lib/plugins/maven-settings-builder-3.0.4.jar
7fac910f4000-7fac910f5000 r--s 00002000 08:12 8914033                    /usr/local/android-studio/gradle/gradle-2.14.1/lib/plugins/wagon-http-2.4.jar
7fac910f5000-7fac910f7000 r--s 00026000 08:12 8914144                    /usr/local/android-studio/gradle/gradle-2.14.1/lib/plugins/maven-model-3.0.4.jar
7fac910f7000-7fac910f9000 r--s 00006000 08:12 8914121                    /usr/local/android-studio/gradle/gradle-2.14.1/lib/plugins/aether-connector-wagon-1.13.1.jar
7fac910f9000-7fac910fb000 r--s 0000a000 08:12 8914062                    /usr/local/android-studio/gradle/gradle-2.14.1/lib/plugins/plexus-classworlds-2.4.jar
7fac910fb000-7fac910fd000 r--s 00006000 08:12 8914105                    /usr/local/android-studio/gradle/gradle-2.14.1/lib/plugins/maven-repository-metadata-3.0.4.jar
7fac910fd000-7fac910ff000 r--s 0000c000 08:12 8914081                    /usr/local/android-studio/gradle/gradle-2.14.1/lib/plugins/maven-aether-provider-3.0.4.jar
7fac910ff000-7fac91101000 r--s 0000b000 08:12 8914071                    /usr/local/android-studio/gradle/gradle-2.14.1/lib/plugins/wagon-provider-api-2.4.jar
7fac91101000-7fac91102000 r--s 00003000 08:12 8914037                    /usr/local/android-studio/gradle/gradle-2.14.1/lib/plugins/aether-spi-1.13.1.jar
7fac91102000-7fac91106000 r--s 0001c000 08:12 8914135                    /usr/local/android-studio/gradle/gradle-2.14.1/lib/plugins/aether-util-1.13.1.jar
7fac91106000-7fac91109000 r--s 0001d000 08:12 8914099                    /usr/local/android-studio/gradle/gradle-2.14.1/lib/plugins/aether-impl-1.13.1.jar
7fac91109000-7fac9110a000 r--s 00006000 08:12 8914106                    /usr/local/android-studio/gradle/gradle-2.14.1/lib/plugins/plexus-sec-dispatcher-1.3.jar
7fac9110a000-7fac9110f000 r--s 00040000 08:12 8914039                    /usr/local/android-studio/gradle/gradle-2.14.1/lib/plugins/jsch-0.1.53.jar
7fac9110f000-7fac9114f000 r--s 00277000 08:12 8914043                    /usr/local/android-studio/gradle/gradle-2.14.1/lib/plugins/bcprov-jdk15on-1.51.jar
7fac9114f000-7fac91153000 r--s 0001d000 08:12 8914084                    /usr/local/android-studio/gradle/gradle-2.14.1/lib/plugins/xbean-reflect-3.4.jar
7fac91153000-7fac9115f000 r--s 0007d000 08:12 8914108                    /usr/local/android-studio/gradle/gradle-2.14.1/lib/plugins/maven-core-3.0.4.jar
7fac9115f000-7fac91164000 r--s 0002a000 08:12 8914078                    /usr/local/android-studio/gradle/gradle-2.14.1/lib/plugins/gson-2.2.4.jar
7fac91164000-7fac91173000 r--s 000d9000 08:12 8914059                    /usr/local/android-studio/gradle/gradle-2.14.1/lib/plugins/ivy-2.2.0.jar
7fac91173000-7fac9118f000 r--s 000d3000 08:12 8914083                    /usr/local/android-studio/gradle/gradle-2.14.1/lib/plugins/gradle-dependency-management-2.14.1.jar
7fac9118f000-7fac91193000 r-xp 00000000 08:12 10880175                   /home/peter/.gradle/native/19/linux-amd64/libnative-platform.so
7fac91193000-7fac91392000 ---p 00004000 08:12 10880175                   /home/peter/.gradle/native/19/linux-amd64/libnative-platform.so
7fac91392000-7fac91393000 rw-p 00003000 08:12 10880175                   /home/peter/.gradle/native/19/linux-amd64/libnative-platform.so
7fac91393000-7fac913a4000 r-xp 00000000 08:12 6426904                    /usr/lib/jvm/java-8-openjdk-amd64/jre/lib/amd64/libnio.so
7fac913a4000-7fac915a4000 ---p 00011000 08:12 6426904                    /usr/lib/jvm/java-8-openjdk-amd64/jre/lib/amd64/libnio.so
7fac915a4000-7fac915a5000 r--p 00011000 08:12 6426904                    /usr/lib/jvm/java-8-openjdk-amd64/jre/lib/amd64/libnio.so
7fac915a5000-7fac915a6000 rw-p 00012000 08:12 6426904                    /usr/lib/jvm/java-8-openjdk-amd64/jre/lib/amd64/libnio.so
7fac915a6000-7fac918a7000 rw-p 00000000 00:00 0 
7fac918a7000-7fac918be000 r-xp 00000000 08:12 6426925                    /usr/lib/jvm/java-8-openjdk-amd64/jre/lib/amd64/libnet.so
7fac918be000-7fac91abd000 ---p 00017000 08:12 6426925                    /usr/lib/jvm/java-8-openjdk-amd64/jre/lib/amd64/libnet.so
7fac91abd000-7fac91abe000 r--p 00016000 08:12 6426925                    /usr/lib/jvm/java-8-openjdk-amd64/jre/lib/amd64/libnet.so
7fac91abe000-7fac91abf000 rw-p 00017000 08:12 6426925                    /usr/lib/jvm/java-8-openjdk-amd64/jre/lib/amd64/libnet.so
7fac91abf000-7fac91ac1000 r--s 00005000 08:12 8914002                    /usr/local/android-studio/gradle/gradle-2.14.1/lib/gradle-wrapper-2.14.1.jar
7fac91ac1000-7fac91acf000 r--s 0004f000 08:12 8913987                    /usr/local/android-studio/gradle/gradle-2.14.1/lib/gradle-tooling-api-2.14.1.jar
7fac91acf000-7fac91ad1000 r--s 00002000 08:12 8913991                    /usr/local/android-studio/gradle/gradle-2.14.1/lib/gradle-open-api-2.14.1.jar
7fac91ad1000-7fac91ad7000 r--s 00032000 08:12 8914025                    /usr/local/android-studio/gradle/gradle-2.14.1/lib/jaxen-1.1.jar
7fac91ad7000-7fac91adc000 r--s 00048000 08:12 8913990                    /usr/local/android-studio/gradle/gradle-2.14.1/lib/dom4j-1.6.1.jar
7fac91adc000-7fac91ae7000 r--s 00059000 08:12 8914019                    /usr/local/android-studio/gradle/gradle-2.14.1/lib/gradle-ui-2.14.1.jar
7fac91ae7000-7fac91aea000 r--s 0000b000 08:12 8914148                    /usr/local/android-studio/gradle/gradle-2.14.1/lib/gradle-resources-2.14.1.jar
7fac91aea000-7fac91aec000 r--s 00003000 08:12 8914028                    /usr/local/android-studio/gradle/gradle-2.14.1/lib/jcl-over-slf4j-1.7.10.jar
7fac91aec000-7fac91aed000 r--s 00005000 08:12 8914022                    /usr/local/android-studio/gradle/gradle-2.14.1/lib/log4j-over-slf4j-1.7.10.jar
7fac91aed000-7fac91aef000 r--s 00000000 08:12 8914149                    /usr/local/android-studio/gradle/gradle-2.14.1/lib/jul-to-slf4j-1.7.10.jar
7fac91aef000-7fac91af4000 r--s 0001c000 08:12 8914000                    /usr/local/android-studio/gradle/gradle-2.14.1/lib/gradle-logging-2.14.1.jar
7fac91af4000-7fac91af6000 r--s 00007000 08:12 8914031                    /usr/local/android-studio/gradle/gradle-2.14.1/lib/objenesis-1.2.jar
7fac91af6000-7fac91af8000 r--s 00000000 08:12 8913995                    /usr/local/android-studio/gradle/gradle-2.14.1/lib/minlog-1.2.jar
7fac91af8000-7fac91afa000 r--s 0000f000 08:12 8914006                    /usr/local/android-studio/gradle/gradle-2.14.1/lib/reflectasm-1.07-shaded.jar
7fac91afa000-7fac91afe000 r--s 00026000 08:12 8914020                    /usr/local/android-studio/gradle/gradle-2.14.1/lib/kryo-2.20.jar
7fac91afe000-7fac91b04000 r--s 00025000 08:12 8913989                    /usr/local/android-studio/gradle/gradle-2.14.1/lib/gradle-messaging-2.14.1.jar
7fac91b04000-7fac91b05000 r--s 00003000 08:12 8914027                    /usr/local/android-studio/gradle/gradle-2.14.1/lib/native-platform-freebsd-amd64-0.10.jar
7fac91b05000-7fac91b06000 r--s 00003000 08:12 8914009                    /usr/local/android-studio/gradle/gradle-2.14.1/lib/native-platform-freebsd-i386-0.10.jar
7fac91b06000-7fac91b07000 r--s 00005000 08:12 8913997                    /usr/local/android-studio/gradle/gradle-2.14.1/lib/native-platform-windows-i386-0.10.jar
7fac91b07000-7fac91b08000 r--s 00005000 08:12 8913996                    /usr/local/android-studio/gradle/gradle-2.14.1/lib/native-platform-windows-amd64-0.10.jar
7fac91b08000-7fac91b09000 r--s 00003000 08:12 8914010                    /usr/local/android-studio/gradle/gradle-2.14.1/lib/native-platform-linux-i386-0.10.jar
7fac91b09000-7fac91b0a000 r--s 00003000 08:12 8913994                    /usr/local/android-studio/gradle/gradle-2.14.1/lib/native-platform-linux-amd64-0.10.jar
7fac91b0a000-7fac91b0b000 r--s 00002000 08:12 8913993                    /usr/local/android-studio/gradle/gradle-2.14.1/lib/native-platform-osx-amd64-0.10.jar
7fac91b0b000-7fac91b0c000 r--s 00002000 08:12 8914023                    /usr/local/android-studio/gradle/gradle-2.14.1/lib/native-platform-osx-i386-0.10.jar
7fac91b0c000-7fac91b0e000 r--s 00008000 08:12 8914024                    /usr/local/android-studio/gradle/gradle-2.14.1/lib/jansi-1.2.1.jar
7fac91b0e000-7fac91b11000 r--s 0000d000 08:12 8914018                    /usr/local/android-studio/gradle/gradle-2.14.1/lib/native-platform-0.10.jar
7fac91b11000-7fac91b15000 r--s 000e4000 08:12 8914017                    /usr/local/android-studio/gradle/gradle-2.14.1/lib/jna-3.2.7.jar
7fac91b15000-7fac91b17000 r--s 00009000 08:12 8914029                    /usr/local/android-studio/gradle/gradle-2.14.1/lib/gradle-native-2.14.1.jar
7fac91b17000-7fac91b19000 r--s 00005000 08:12 8914030                    /usr/local/android-studio/gradle/gradle-2.14.1/lib/gradle-cli-2.14.1.jar
7fac91b19000-7fac91b1b000 r--s 00007000 08:12 8913999                    /usr/local/android-studio/gradle/gradle-2.14.1/lib/gradle-model-groovy-2.14.1.jar
7fac91b1b000-7fac91b1c000 r--s 00006000 08:12 8914014                    /usr/local/android-studio/gradle/gradle-2.14.1/lib/gradle-base-services-groovy-2.14.1.jar
7fac91b1c000-7fac91b2b000 r--s 00080000 08:12 8914015                    /usr/local/android-studio/gradle/gradle-2.14.1/lib/gradle-model-core-2.14.1.jar
7fac91b2b000-7fac91b2c000 r--s 00002000 08:12 8914007                    /usr/local/android-studio/gradle/gradle-2.14.1/lib/gradle-docs-2.14.1.jar
7fac91b2c000-7fac91b2d000 r--s 00000000 08:12 8914151                    /usr/local/android-studio/gradle/gradle-2.14.1/lib/javax.inject-1.jar
7fac91b2d000-7fac91b2e000 r--s 00000000 08:12 8914005                    /usr/local/android-studio/gradle/gradle-2.14.1/lib/jcip-annotations-1.0.jar
7fac91b2e000-7fac91b3b000 r--s 00083000 08:12 8914150                    /usr/local/android-studio/gradle/gradle-2.14.1/lib/commons-collections-3.2.2.jar
7fac91b3b000-7fac91baa000 r--s 0063e000 08:12 8914152                    /usr/local/android-studio/gradle/gradle-2.14.1/lib/groovy-all-2.4.4.jar
7fac91baa000-7fac91bd2000 r--s 001cf000 08:12 8914003                    /usr/local/android-studio/gradle/gradle-2.14.1/lib/guava-jdk5-17.0.jar
7fac91bd2000-7fac91bf1000 r--s 001d1000 08:12 8914001                    /usr/local/android-studio/gradle/gradle-2.14.1/lib/ant-1.9.6.jar
7fac91bf1000-7fac91c28000 r--s 001bd000 08:12 8914004                    /usr/local/android-studio/gradle/gradle-2.14.1/lib/gradle-core-2.14.1.jar
7fac91c28000-7fac91c43000 r--s 001d5000 08:12 9438694                    /usr/lib/jvm/java-8-openjdk-amd64/jre/lib/ext/nashorn.jar
7fac91c43000-7fac91c44000 ---p 00000000 00:00 0 
7fac91c44000-7fac91d44000 rw-p 00000000 00:00 0 
7fac91d44000-7fac91d47000 ---p 00000000 00:00 0 
7fac91d47000-7fac91e45000 rw-p 00000000 00:00 0 
7fac91e45000-7fac91e48000 ---p 00000000 00:00 0 
7fac91e48000-7fac91f46000 rw-p 00000000 00:00 0 
7fac91f46000-7fac91f49000 ---p 00000000 00:00 0 
7fac91f49000-7fac92047000 rw-p 00000000 00:00 0 
7fac92047000-7fac9204a000 ---p 00000000 00:00 0 
7fac9204a000-7fac92148000 rw-p 00000000 00:00 0 
7fac92148000-7fac9214b000 ---p 00000000 00:00 0 
7fac9214b000-7fac92249000 rw-p 00000000 00:00 0 
7fac92249000-7fac92521000 r--p 00000000 08:12 132647                     /usr/lib/locale/locale-archive
7fac92521000-7fac92524000 ---p 00000000 00:00 0 
7fac92524000-7fac92622000 rw-p 00000000 00:00 0 
7fac92622000-7fac92625000 ---p 00000000 00:00 0 
7fac92625000-7fac92723000 rw-p 00000000 00:00 0 
7fac92723000-7fac92724000 ---p 00000000 00:00 0 
7fac92724000-7fac93632000 rw-p 00000000 00:00 0 
7fac93632000-7fac93800000 r--s 03bf1000 08:12 6166688                    /usr/lib/jvm/java-8-openjdk-amd64/jre/lib/rt.jar
7fac93800000-7fac94000000 rw-p 00000000 00:00 0 
7fac94000000-7fac94021000 rw-p 00000000 00:00 0 
7fac94021000-7fac98000000 ---p 00000000 00:00 0 
7fac98000000-7fac98005000 r--s 00038000 08:12 8914011                    /usr/local/android-studio/gradle/gradle-2.14.1/lib/asm-all-5.1.jar
7fac98005000-7fac9800a000 r--s 00041000 08:12 8914013                    /usr/local/android-studio/gradle/gradle-2.14.1/lib/commons-lang-2.6.jar
7fac9800a000-7fac98012000 r--s 0003a000 08:12 8914012                    /usr/local/android-studio/gradle/gradle-2.14.1/lib/gradle-base-services-2.14.1.jar
7fac98012000-7fac9802d000 r--s 00394000 08:12 9438691                    /usr/lib/jvm/java-8-openjdk-amd64/jre/lib/ext/cldrdata.jar
7fac9802d000-7fac9b4b2000 rw-p 00000000 00:00 0 
7fac9b4b2000-7fac9b4b3000 ---p 00000000 00:00 0 
7fac9b4b3000-7fac9b5b3000 rw-p 00000000 00:00 0 
7fac9b5b3000-7fac9b5b4000 ---p 00000000 00:00 0 
7fac9b5b4000-7fac9b6b4000 rw-p 00000000 00:00 0 
7fac9b6b4000-7fac9b6b5000 ---p 00000000 00:00 0 
7fac9b6b5000-7fac9b7b5000 rw-p 00000000 00:00 0 
7fac9b7b5000-7fac9b7b6000 ---p 00000000 00:00 0 
7fac9b7b6000-7fac9b8e2000 rw-p 00000000 00:00 0 
7fac9b8e2000-7fac9bab6000 ---p 00000000 00:00 0 
7fac9bab6000-7fac9bae2000 rw-p 00000000 00:00 0 
7fac9bae2000-7fac9bcb6000 ---p 00000000 00:00 0 
7fac9bcb6000-7fac9bd35000 rw-p 00000000 00:00 0 
7fac9bd35000-7fac9bdb6000 ---p 00000000 00:00 0 
7fac9bdb6000-7fac9be01000 rw-p 00000000 00:00 0 
7fac9be01000-7fac9c177000 ---p 00000000 00:00 0 
7fac9c177000-7fac9d3e7000 rwxp 00000000 00:00 0 
7fac9d3e7000-7facab177000 ---p 00000000 00:00 0 
7facab177000-7facab17f000 r-xp 00000000 08:12 6426908                    /usr/lib/jvm/java-8-openjdk-amd64/jre/lib/amd64/libzip.so
7facab17f000-7facab37e000 ---p 00008000 08:12 6426908                    /usr/lib/jvm/java-8-openjdk-amd64/jre/lib/amd64/libzip.so
7facab37e000-7facab37f000 r--p 00007000 08:12 6426908                    /usr/lib/jvm/java-8-openjdk-amd64/jre/lib/amd64/libzip.so
7facab37f000-7facab380000 rw-p 00008000 08:12 6426908                    /usr/lib/jvm/java-8-openjdk-amd64/jre/lib/amd64/libzip.so
7facab380000-7facab38b000 r-xp 00000000 08:12 3670687                    /lib/x86_64-linux-gnu/libnss_files-2.23.so
7facab38b000-7facab58a000 ---p 0000b000 08:12 3670687                    /lib/x86_64-linux-gnu/libnss_files-2.23.so
7facab58a000-7facab58b000 r--p 0000a000 08:12 3670687                    /lib/x86_64-linux-gnu/libnss_files-2.23.so
7facab58b000-7facab58c000 rw-p 0000b000 08:12 3670687                    /lib/x86_64-linux-gnu/libnss_files-2.23.so
7facab58c000-7facab592000 rw-p 00000000 00:00 0 
7facab592000-7facab59d000 r-xp 00000000 08:12 3670681                    /lib/x86_64-linux-gnu/libnss_nis-2.23.so
7facab59d000-7facab79c000 ---p 0000b000 08:12 3670681                    /lib/x86_64-linux-gnu/libnss_nis-2.23.so
7facab79c000-7facab79d000 r--p 0000a000 08:12 3670681                    /lib/x86_64-linux-gnu/libnss_nis-2.23.so
7facab79d000-7facab79e000 rw-p 0000b000 08:12 3670681                    /lib/x86_64-linux-gnu/libnss_nis-2.23.so
7facab79e000-7facab7b4000 r-xp 00000000 08:12 3670677                    /lib/x86_64-linux-gnu/libnsl-2.23.so
7facab7b4000-7facab9b3000 ---p 00016000 08:12 3670677                    /lib/x86_64-linux-gnu/libnsl-2.23.so
7facab9b3000-7facab9b4000 r--p 00015000 08:12 3670677                    /lib/x86_64-linux-gnu/libnsl-2.23.so
7facab9b4000-7facab9b5000 rw-p 00016000 08:12 3670677                    /lib/x86_64-linux-gnu/libnsl-2.23.so
7facab9b5000-7facab9b7000 rw-p 00000000 00:00 0 
7facab9b7000-7facab9bf000 r-xp 00000000 08:12 3670673                    /lib/x86_64-linux-gnu/libnss_compat-2.23.so
7facab9bf000-7facabbbe000 ---p 00008000 08:12 3670673                    /lib/x86_64-linux-gnu/libnss_compat-2.23.so
7facabbbe000-7facabbbf000 r--p 00007000 08:12 3670673                    /lib/x86_64-linux-gnu/libnss_compat-2.23.so
7facabbbf000-7facabbc0000 rw-p 00008000 08:12 3670673                    /lib/x86_64-linux-gnu/libnss_compat-2.23.so
7facabbc0000-7facabbed000 r-xp 00000000 08:12 6426903                    /usr/lib/jvm/java-8-openjdk-amd64/jre/lib/amd64/libjava.so
7facabbed000-7facabdec000 ---p 0002d000 08:12 6426903                    /usr/lib/jvm/java-8-openjdk-amd64/jre/lib/amd64/libjava.so
7facabdec000-7facabded000 r--p 0002c000 08:12 6426903                    /usr/lib/jvm/java-8-openjdk-amd64/jre/lib/amd64/libjava.so
7facabded000-7facabdef000 rw-p 0002d000 08:12 6426903                    /usr/lib/jvm/java-8-openjdk-amd64/jre/lib/amd64/libjava.so
7facabdef000-7facabdfe000 r-xp 00000000 08:12 6426906                    /usr/lib/jvm/java-8-openjdk-amd64/jre/lib/amd64/libverify.so
7facabdfe000-7facabffd000 ---p 0000f000 08:12 6426906                    /usr/lib/jvm/java-8-openjdk-amd64/jre/lib/amd64/libverify.so
7facabffd000-7facabfff000 r--p 0000e000 08:12 6426906                    /usr/lib/jvm/java-8-openjdk-amd64/jre/lib/amd64/libverify.so
7facabfff000-7facac000000 rw-p 00010000 08:12 6426906                    /usr/lib/jvm/java-8-openjdk-amd64/jre/lib/amd64/libverify.so
7facac000000-7facacb96000 rw-p 00000000 00:00 0 
7facacb96000-7facb0000000 ---p 00000000 00:00 0 
7facb0000000-7facb0004000 r--s 00027000 08:12 8914021                    /usr/local/android-studio/gradle/gradle-2.14.1/lib/commons-io-2.2.jar
7facb0004000-7facb00c7000 rw-p 00000000 00:00 0 
7facb00c7000-7facb00ce000 r-xp 00000000 08:12 3670705                    /lib/x86_64-linux-gnu/librt-2.23.so
7facb00ce000-7facb02cd000 ---p 00007000 08:12 3670705                    /lib/x86_64-linux-gnu/librt-2.23.so
7facb02cd000-7facb02ce000 r--p 00006000 08:12 3670705                    /lib/x86_64-linux-gnu/librt-2.23.so
7facb02ce000-7facb02cf000 rw-p 00007000 08:12 3670705                    /lib/x86_64-linux-gnu/librt-2.23.so
7facb02cf000-7facb02e5000 r-xp 00000000 08:12 3676772                    /lib/x86_64-linux-gnu/libgcc_s.so.1
7facb02e5000-7facb04e4000 ---p 00016000 08:12 3676772                    /lib/x86_64-linux-gnu/libgcc_s.so.1
7facb04e4000-7facb04e5000 rw-p 00015000 08:12 3676772                    /lib/x86_64-linux-gnu/libgcc_s.so.1
7facb04e5000-7facb05ed000 r-xp 00000000 08:12 3670699                    /lib/x86_64-linux-gnu/libm-2.23.so
7facb05ed000-7facb07ec000 ---p 00108000 08:12 3670699                    /lib/x86_64-linux-gnu/libm-2.23.so
7facb07ec000-7facb07ed000 r--p 00107000 08:12 3670699                    /lib/x86_64-linux-gnu/libm-2.23.so
7facb07ed000-7facb07ee000 rw-p 00108000 08:12 3670699                    /lib/x86_64-linux-gnu/libm-2.23.so
7facb07ee000-7facb0960000 r-xp 00000000 08:12 132447                     /usr/lib/x86_64-linux-gnu/libstdc++.so.6.0.21
7facb0960000-7facb0b60000 ---p 00172000 08:12 132447                     /usr/lib/x86_64-linux-gnu/libstdc++.so.6.0.21
7facb0b60000-7facb0b6a000 r--p 00172000 08:12 132447                     /usr/lib/x86_64-linux-gnu/libstdc++.so.6.0.21
7facb0b6a000-7facb0b6c000 rw-p 0017c000 08:12 132447                     /usr/lib/x86_64-linux-gnu/libstdc++.so.6.0.21
7facb0b6c000-7facb0b70000 rw-p 00000000 00:00 0 
7facb0b70000-7facb17bf000 r-xp 00000000 08:12 6553601                    /usr/lib/jvm/java-8-openjdk-amd64/jre/lib/amd64/server/libjvm.so
7facb17bf000-7facb19be000 ---p 00c4f000 08:12 6553601                    /usr/lib/jvm/java-8-openjdk-amd64/jre/lib/amd64/server/libjvm.so
7facb19be000-7facb1a51000 r--p 00c4e000 08:12 6553601                    /usr/lib/jvm/java-8-openjdk-amd64/jre/lib/amd64/server/libjvm.so
7facb1a51000-7facb1a7a000 rw-p 00ce1000 08:12 6553601                    /usr/lib/jvm/java-8-openjdk-amd64/jre/lib/amd64/server/libjvm.so
7facb1a7a000-7facb1aaa000 rw-p 00000000 00:00 0 
7facb1aaa000-7facb1ac2000 r-xp 00000000 08:12 3670712                    /lib/x86_64-linux-gnu/libpthread-2.23.so
7facb1ac2000-7facb1cc1000 ---p 00018000 08:12 3670712                    /lib/x86_64-linux-gnu/libpthread-2.23.so
7facb1cc1000-7facb1cc2000 r--p 00017000 08:12 3670712                    /lib/x86_64-linux-gnu/libpthread-2.23.so
7facb1cc2000-7facb1cc3000 rw-p 00018000 08:12 3670712                    /lib/x86_64-linux-gnu/libpthread-2.23.so
7facb1cc3000-7facb1cc7000 rw-p 00000000 00:00 0 
7facb1cc7000-7facb1cca000 r-xp 00000000 08:12 3670714                    /lib/x86_64-linux-gnu/libdl-2.23.so
7facb1cca000-7facb1ec9000 ---p 00003000 08:12 3670714                    /lib/x86_64-linux-gnu/libdl-2.23.so
7facb1ec9000-7facb1eca000 r--p 00002000 08:12 3670714                    /lib/x86_64-linux-gnu/libdl-2.23.so
7facb1eca000-7facb1ecb000 rw-p 00003000 08:12 3670714                    /lib/x86_64-linux-gnu/libdl-2.23.so
7facb1ecb000-7facb1ee4000 r-xp 00000000 08:12 3675964                    /lib/x86_64-linux-gnu/libz.so.1.2.8
7facb1ee4000-7facb20e3000 ---p 00019000 08:12 3675964                    /lib/x86_64-linux-gnu/libz.so.1.2.8
7facb20e3000-7facb20e4000 r--p 00018000 08:12 3675964                    /lib/x86_64-linux-gnu/libz.so.1.2.8
7facb20e4000-7facb20e5000 rw-p 00019000 08:12 3675964                    /lib/x86_64-linux-gnu/libz.so.1.2.8
7facb20e5000-7facb22a4000 r-xp 00000000 08:12 3670713                    /lib/x86_64-linux-gnu/libc-2.23.so
7facb22a4000-7facb24a4000 ---p 001bf000 08:12 3670713                    /lib/x86_64-linux-gnu/libc-2.23.so
7facb24a4000-7facb24a8000 r--p 001bf000 08:12 3670713                    /lib/x86_64-linux-gnu/libc-2.23.so
7facb24a8000-7facb24aa000 rw-p 001c3000 08:12 3670713                    /lib/x86_64-linux-gnu/libc-2.23.so
7facb24aa000-7facb24ae000 rw-p 00000000 00:00 0 
7facb24ae000-7facb24bb000 r-xp 00000000 08:12 6684673                    /usr/lib/jvm/java-8-openjdk-amd64/jre/lib/amd64/jli/libjli.so
7facb24bb000-7facb26bb000 ---p 0000d000 08:12 6684673                    /usr/lib/jvm/java-8-openjdk-amd64/jre/lib/amd64/jli/libjli.so
7facb26bb000-7facb26bc000 r--p 0000d000 08:12 6684673                    /usr/lib/jvm/java-8-openjdk-amd64/jre/lib/amd64/jli/libjli.so
7facb26bc000-7facb26bd000 rw-p 0000e000 08:12 6684673                    /usr/lib/jvm/java-8-openjdk-amd64/jre/lib/amd64/jli/libjli.so
7facb26bd000-7facb26e3000 r-xp 00000000 08:12 3670707                    /lib/x86_64-linux-gnu/ld-2.23.so
7facb26e3000-7facb26e4000 r--s 00001000 08:12 8914026                    /usr/local/android-studio/gradle/gradle-2.14.1/lib/gradle-process-services-2.14.1.jar
7facb26e4000-7facb26e5000 r--s 00000000 08:12 8913988                    /usr/local/android-studio/gradle/gradle-2.14.1/lib/gradle-jvm-services-2.14.1.jar
7facb26e5000-7facb26e6000 r--s 00007000 08:12 8913998                    /usr/local/android-studio/gradle/gradle-2.14.1/lib/slf4j-api-1.7.10.jar
7facb26e6000-7facb26f1000 r--s 00051000 08:12 8914008                    /usr/local/android-studio/gradle/gradle-2.14.1/lib/gradle-launcher-2.14.1.jar
7facb26f1000-7facb27b3000 rw-p 00000000 00:00 0 
7facb27b3000-7facb27b6000 ---p 00000000 00:00 0 
7facb27b6000-7facb28b9000 rw-p 00000000 00:00 0 
7facb28b9000-7facb28ba000 r--s 00004000 08:12 8914016                    /usr/local/android-studio/gradle/gradle-2.14.1/lib/ant-launcher-1.9.6.jar
7facb28ba000-7facb28bf000 r--s 0003b000 08:12 9438695                    /usr/lib/jvm/java-8-openjdk-amd64/jre/lib/ext/sunjce_provider.jar
7facb28bf000-7facb28c1000 r--s 00001000 08:12 9438704                    /usr/lib/jvm/java-8-openjdk-amd64/jre/lib/ext/dnsns.jar
7facb28c1000-7facb28c2000 r--s 00010000 08:12 9438702                    /usr/lib/jvm/java-8-openjdk-amd64/jre/lib/ext/zipfs.jar
7facb28c2000-7facb28c4000 r--s 00008000 08:12 9438698                    /usr/lib/jvm/java-8-openjdk-amd64/jre/lib/ext/sunec.jar
7facb28c4000-7facb28ce000 r--s 00116000 08:12 9438701                    /usr/lib/jvm/java-8-openjdk-amd64/jre/lib/ext/localedata.jar
7facb28ce000-7facb28d2000 r--s 00037000 08:12 9438696                    /usr/lib/jvm/java-8-openjdk-amd64/jre/lib/ext/sunpkcs11.jar
7facb28d2000-7facb28d3000 r--s 0000a000 08:12 9438697                    /usr/lib/jvm/java-8-openjdk-amd64/jre/lib/ext/jaccess.jar
7facb28d3000-7facb28d6000 r--s 0000f000 08:12 9438703                    /usr/lib/jvm/java-8-openjdk-amd64/jre/lib/ext/icedtea-sound.jar
7facb28d6000-7facb28de000 rw-s 00000000 08:12 919811                     /tmp/hsperfdata_peter/10061
7facb28de000-7facb28df000 rw-p 00000000 00:00 0 
7facb28df000-7facb28e0000 r--p 00000000 00:00 0 
7facb28e0000-7facb28e2000 rw-p 00000000 00:00 0 
7facb28e2000-7facb28e3000 r--p 00025000 08:12 3670707                    /lib/x86_64-linux-gnu/ld-2.23.so
7facb28e3000-7facb28e4000 rw-p 00026000 08:12 3670707                    /lib/x86_64-linux-gnu/ld-2.23.so
7facb28e4000-7facb28e5000 rw-p 00000000 00:00 0 
7ffdabaf9000-7ffdabb1a000 rw-p 00000000 00:00 0                          [stack]
7ffdabbb5000-7ffdabbb7000 r--p 00000000 00:00 0                          [vvar]
7ffdabbb7000-7ffdabbb9000 r-xp 00000000 00:00 0                          [vdso]
ffffffffff600000-ffffffffff601000 r-xp 00000000 00:00 0                  [vsyscall]

VM Arguments:
jvm_args: -Xmx1536m -Dfile.encoding=UTF-8 -Duser.country=US -Duser.language=en -Duser.variant 
java_command: org.gradle.launcher.daemon.bootstrap.GradleDaemon 2.14.1
java_class_path (initial): /usr/local/android-studio/gradle/gradle-2.14.1/lib/gradle-launcher-2.14.1.jar
Launcher Type: SUN_STANDARD

Environment Variables:
JAVA_HOME=/usr/lib/jvm/java-8-oracle
PATH=/usr/local/sbin:/usr/local/bin:/usr/sbin:/usr/bin:/sbin:/bin:/usr/games:/usr/local/games:/snap/bin:/usr/lib/jvm/java-8-oracle/bin:/usr/lib/jvm/java-8-oracle/db/bin:/usr/lib/jvm/java-8-oracle/jre/bin
LD_LIBRARY_PATH=/usr/local/android-studio/bin:
SHELL=/bin/bash
DISPLAY=:0

Signal Handlers:
SIGSEGV: [libjvm.so+0xa65880], sa_mask[0]=11111111011111111101111111111110, sa_flags=SA_RESTART|SA_SIGINFO
SIGBUS: [libjvm.so+0xa65880], sa_mask[0]=11111111011111111101111111111110, sa_flags=SA_RESTART|SA_SIGINFO
SIGFPE: [libjvm.so+0x8af1c0], sa_mask[0]=11111111011111111101111111111110, sa_flags=SA_RESTART|SA_SIGINFO
SIGPIPE: [libjvm.so+0x8af1c0], sa_mask[0]=11111111011111111101111111111110, sa_flags=SA_RESTART|SA_SIGINFO
SIGXFSZ: [libjvm.so+0x8af1c0], sa_mask[0]=11111111011111111101111111111110, sa_flags=SA_RESTART|SA_SIGINFO
SIGILL: [libjvm.so+0x8af1c0], sa_mask[0]=11111111011111111101111111111110, sa_flags=SA_RESTART|SA_SIGINFO
SIGUSR1: SIG_DFL, sa_mask[0]=00000000000000000000000000000000, sa_flags=none
SIGUSR2: [libjvm.so+0x8af070], sa_mask[0]=00100000000000000000000000000000, sa_flags=SA_RESTART|SA_SIGINFO
SIGHUP: [libjvm.so+0x8af540], sa_mask[0]=11111111011111111101111111111110, sa_flags=SA_RESTART|SA_SIGINFO
SIGINT: [libjvm.so+0x8af540], sa_mask[0]=11111111011111111101111111111110, sa_flags=SA_RESTART|SA_SIGINFO
SIGTERM: [libjvm.so+0x8af540], sa_mask[0]=11111111011111111101111111111110, sa_flags=SA_RESTART|SA_SIGINFO
SIGQUIT: [libjvm.so+0x8af540], sa_mask[0]=11111111011111111101111111111110, sa_flags=SA_RESTART|SA_SIGINFO


---------------  S Y S T E M  ---------------

OS:DISTRIB_ID=Ubuntu
DISTRIB_RELEASE=16.04
DISTRIB_CODENAME=xenial
DISTRIB_DESCRIPTION="Ubuntu 16.04.1 LTS"

uname:Linux 4.4.0-45-generic #66-Ubuntu SMP Wed Oct 19 14:12:37 UTC 2016 x86_64
libc:glibc 2.23 NPTL 2.23 
rlimit: STACK 8192k, CORE 0k, NPROC 31383, NOFILE 65536, AS infinity
load average:4.20 1.65 0.91

/proc/meminfo:
MemTotal:        8136688 kB
MemFree:          152336 kB
MemAvailable:     235764 kB
Buffers:           13256 kB
Cached:           831024 kB
SwapCached:       186136 kB
Active:          6054568 kB
Inactive:        1443440 kB
Active(anon):    5920876 kB
Inactive(anon):  1310332 kB
Active(file):     133692 kB
Inactive(file):   133108 kB
Unevictable:         200 kB
Mlocked:             200 kB
SwapTotal:       8349692 kB
SwapFree:        6796464 kB
Dirty:             28504 kB
Writeback:             0 kB
AnonPages:       6613640 kB
Mapped:           807348 kB
Shmem:            577392 kB
Slab:             148272 kB
SReclaimable:      71912 kB
SUnreclaim:        76360 kB
KernelStack:       22944 kB
PageTables:       106860 kB
NFS_Unstable:          0 kB
Bounce:                0 kB
WritebackTmp:          0 kB
CommitLimit:    12418036 kB
Committed_AS:   23774036 kB
VmallocTotal:   34359738367 kB
VmallocUsed:           0 kB
VmallocChunk:          0 kB
HardwareCorrupted:     0 kB
AnonHugePages:   1300480 kB
CmaTotal:              0 kB
CmaFree:               0 kB
HugePages_Total:       0
HugePages_Free:        0
HugePages_Rsvd:        0
HugePages_Surp:        0
Hugepagesize:       2048 kB
DirectMap4k:      463324 kB
DirectMap2M:     7886848 kB


CPU:total 4 (4 cores per cpu, 1 threads per core) family 6 model 58 stepping 9, cmov, cx8, fxsr, mmx, sse, sse2, sse3, ssse3, sse4.1, sse4.2, popcnt, avx, aes, clmul, erms, tsc, tscinvbit, tscinv

/proc/cpuinfo:
processor	: 0
vendor_id	: GenuineIntel
cpu family	: 6
model		: 58
model name	: Intel(R) Core(TM) i5-3550 CPU @ 3.30GHz
stepping	: 9
microcode	: 0x10
cpu MHz		: 3504.832
cache size	: 6144 KB
physical id	: 0
siblings	: 4
core id		: 0
cpu cores	: 4
apicid		: 0
initial apicid	: 0
fpu		: yes
fpu_exception	: yes
cpuid level	: 13
wp		: yes
flags		: fpu vme de pse tsc msr pae mce cx8 apic sep mtrr pge mca cmov pat pse36 clflush dts acpi mmx fxsr sse sse2 ss ht tm pbe syscall nx rdtscp lm constant_tsc arch_perfmon pebs bts rep_good nopl xtopology nonstop_tsc aperfmperf eagerfpu pni pclmulqdq dtes64 monitor ds_cpl vmx smx est tm2 ssse3 cx16 xtpr pdcm pcid sse4_1 sse4_2 x2apic popcnt tsc_deadline_timer aes xsave avx f16c rdrand lahf_lm epb tpr_shadow vnmi flexpriority ept vpid fsgsbase smep erms xsaveopt dtherm ida arat pln pts
bugs		:
bogomips	: 6658.99
clflush size	: 64
cache_alignment	: 64
address sizes	: 36 bits physical, 48 bits virtual
power management:

processor	: 1
vendor_id	: GenuineIntel
cpu family	: 6
model		: 58
model name	: Intel(R) Core(TM) i5-3550 CPU @ 3.30GHz
stepping	: 9
microcode	: 0x10
cpu MHz		: 3514.757
cache size	: 6144 KB
physical id	: 0
siblings	: 4
core id		: 1
cpu cores	: 4
apicid		: 2
initial apicid	: 2
fpu		: yes
fpu_exception	: yes
cpuid level	: 13
wp		: yes
flags		: fpu vme de pse tsc msr pae mce cx8 apic sep mtrr pge mca cmov pat pse36 clflush dts acpi mmx fxsr sse sse2 ss ht tm pbe syscall nx rdtscp lm constant_tsc arch_perfmon pebs bts rep_good nopl xtopology nonstop_tsc aperfmperf eagerfpu pni pclmulqdq dtes64 monitor ds_cpl vmx smx est tm2 ssse3 cx16 xtpr pdcm pcid sse4_1 sse4_2 x2apic popcnt tsc_deadline_timer aes xsave avx f16c rdrand lahf_lm epb tpr_shadow vnmi flexpriority ept vpid fsgsbase smep erms xsaveopt dtherm ida arat pln pts
bugs		:
bogomips	: 6658.99
clflush size	: 64
cache_alignment	: 64
address sizes	: 36 bits physical, 48 bits virtual
power management:

processor	: 2
vendor_id	: GenuineIntel
cpu family	: 6
model		: 58
model name	: Intel(R) Core(TM) i5-3550 CPU @ 3.30GHz
stepping	: 9
microcode	: 0x10
cpu MHz		: 3499.933
cache size	: 6144 KB
physical id	: 0
siblings	: 4
core id		: 2
cpu cores	: 4
apicid		: 4
initial apicid	: 4
fpu		: yes
fpu_exception	: yes
cpuid level	: 13
wp		: yes
flags		: fpu vme de pse tsc msr pae mce cx8 apic sep mtrr pge mca cmov pat pse36 clflush dts acpi mmx fxsr sse sse2 ss ht tm pbe syscall nx rdtscp lm constant_tsc arch_perfmon pebs bts rep_good nopl xtopology nonstop_tsc aperfmperf eagerfpu pni pclmulqdq dtes64 monitor ds_cpl vmx smx est tm2 ssse3 cx16 xtpr pdcm pcid sse4_1 sse4_2 x2apic popcnt tsc_deadline_timer aes xsave avx f16c rdrand lahf_lm epb tpr_shadow vnmi flexpriority ept vpid fsgsbase smep erms xsaveopt dtherm ida arat pln pts
bugs		:
bogomips	: 6658.99
clflush size	: 64
cache_alignment	: 64
address sizes	: 36 bits physical, 48 bits virtual
power management:

processor	: 3
vendor_id	: GenuineIntel
cpu family	: 6
model		: 58
model name	: Intel(R) Core(TM) i5-3550 CPU @ 3.30GHz
stepping	: 9
microcode	: 0x10
cpu MHz		: 3514.757
cache size	: 6144 KB
physical id	: 0
siblings	: 4
core id		: 3
cpu cores	: 4
apicid		: 6
initial apicid	: 6
fpu		: yes
fpu_exception	: yes
cpuid level	: 13
wp		: yes
flags		: fpu vme de pse tsc msr pae mce cx8 apic sep mtrr pge mca cmov pat pse36 clflush dts acpi mmx fxsr sse sse2 ss ht tm pbe syscall nx rdtscp lm constant_tsc arch_perfmon pebs bts rep_good nopl xtopology nonstop_tsc aperfmperf eagerfpu pni pclmulqdq dtes64 monitor ds_cpl vmx smx est tm2 ssse3 cx16 xtpr pdcm pcid sse4_1 sse4_2 x2apic popcnt tsc_deadline_timer aes xsave avx f16c rdrand lahf_lm epb tpr_shadow vnmi flexpriority ept vpid fsgsbase smep erms xsaveopt dtherm ida arat pln pts
bugs		:
bogomips	: 6658.99
clflush size	: 64
cache_alignment	: 64
address sizes	: 36 bits physical, 48 bits virtual
power management:



Memory: 4k page, physical 8136688k(152336k free), swap 8349692k(6796464k free)

vm_info: OpenJDK 64-Bit Server VM (25.111-b14) for linux-amd64 JRE (1.8.0_111-8u111-b14-2ubuntu0.16.04.2-b14), built on Oct 27 2016 18:10:19 by "buildd" with gcc 5.4.0 20160609

time: Sat Nov  5 17:04:35 2016
elapsed time: 7 seconds (0d 0h 0m 7s)

